{"/home/maryam/Desktop/ff/Stellar_Burgers-review/src/services/store.ts": {"path":"/home/maryam/Desktop/ff/Stellar_Burgers-review/src/services/store.ts","all":false,"statementMap":{"0":{"start":{"line":1,"column":0},"end":{"line":1,"column":50}},"1":{"start":{"line":2,"column":0},"end":{"line":2,"column":51}},"2":{"start":{"line":3,"column":0},"end":{"line":3,"column":57}},"3":{"start":{"line":4,"column":0},"end":{"line":4,"column":69}},"4":{"start":{"line":5,"column":0},"end":{"line":5,"column":52}},"5":{"start":{"line":6,"column":0},"end":{"line":6,"column":51}},"6":{"start":{"line":7,"column":0},"end":{"line":7,"column":64}},"7":{"start":{"line":8,"column":0},"end":{"line":8,"column":0}},"8":{"start":{"line":9,"column":0},"end":{"line":9,"column":8}},"9":{"start":{"line":10,"column":0},"end":{"line":10,"column":23}},"10":{"start":{"line":11,"column":0},"end":{"line":11,"column":30}},"11":{"start":{"line":12,"column":0},"end":{"line":12,"column":29}},"12":{"start":{"line":13,"column":0},"end":{"line":13,"column":21}},"13":{"start":{"line":14,"column":0},"end":{"line":14,"column":0}},"14":{"start":{"line":15,"column":0},"end":{"line":15,"column":50}},"15":{"start":{"line":16,"column":0},"end":{"line":16,"column":37}},"16":{"start":{"line":17,"column":0},"end":{"line":17,"column":64}},"17":{"start":{"line":18,"column":0},"end":{"line":18,"column":46}},"18":{"start":{"line":19,"column":0},"end":{"line":19,"column":52}},"19":{"start":{"line":20,"column":0},"end":{"line":20,"column":48}},"20":{"start":{"line":21,"column":0},"end":{"line":21,"column":63}},"21":{"start":{"line":22,"column":0},"end":{"line":22,"column":3}},"22":{"start":{"line":23,"column":0},"end":{"line":23,"column":0}},"23":{"start":{"line":24,"column":0},"end":{"line":24,"column":23}},"24":{"start":{"line":25,"column":0},"end":{"line":25,"column":0}},"25":{"start":{"line":26,"column":0},"end":{"line":26,"column":63}},"26":{"start":{"line":27,"column":0},"end":{"line":27,"column":30}},"27":{"start":{"line":28,"column":0},"end":{"line":28,"column":23}},"28":{"start":{"line":29,"column":0},"end":{"line":29,"column":49}},"29":{"start":{"line":30,"column":0},"end":{"line":30,"column":3}},"30":{"start":{"line":31,"column":0},"end":{"line":31,"column":0}},"31":{"start":{"line":32,"column":0},"end":{"line":32,"column":58}},"32":{"start":{"line":33,"column":0},"end":{"line":33,"column":0}},"33":{"start":{"line":34,"column":0},"end":{"line":34,"column":48}},"34":{"start":{"line":35,"column":0},"end":{"line":35,"column":0}},"35":{"start":{"line":36,"column":0},"end":{"line":36,"column":78}},"36":{"start":{"line":37,"column":0},"end":{"line":37,"column":67}},"37":{"start":{"line":38,"column":0},"end":{"line":38,"column":73}},"38":{"start":{"line":39,"column":0},"end":{"line":39,"column":0}},"39":{"start":{"line":40,"column":0},"end":{"line":40,"column":21}}},"s":{"0":1,"1":1,"2":1,"3":1,"4":1,"5":1,"6":1,"7":1,"8":1,"9":1,"10":1,"11":1,"12":1,"13":1,"14":1,"15":1,"16":1,"17":1,"18":1,"19":1,"20":1,"21":1,"22":1,"23":1,"24":1,"25":1,"26":1,"27":1,"28":1,"29":1,"30":1,"31":1,"32":1,"33":1,"34":1,"35":1,"36":1,"37":1,"38":1,"39":1},"branchMap":{},"b":{},"fnMap":{"0":{"name":"useDispatch","decl":{"start":{"line":37,"column":46},"end":{"line":37,"column":64}},"loc":{"start":{"line":37,"column":46},"end":{"line":37,"column":64}},"line":37}},"f":{"0":0}}
,"/home/maryam/Desktop/ff/Stellar_Burgers-review/src/services/slices/BurgerConstructorSlice.ts": {"path":"/home/maryam/Desktop/ff/Stellar_Burgers-review/src/services/slices/BurgerConstructorSlice.ts","all":false,"statementMap":{"0":{"start":{"line":1,"column":0},"end":{"line":1,"column":8}},"1":{"start":{"line":2,"column":0},"end":{"line":2,"column":14}},"2":{"start":{"line":3,"column":0},"end":{"line":3,"column":19}},"3":{"start":{"line":4,"column":0},"end":{"line":4,"column":16}},"4":{"start":{"line":5,"column":0},"end":{"line":5,"column":8}},"5":{"start":{"line":6,"column":0},"end":{"line":6,"column":26}},"6":{"start":{"line":7,"column":0},"end":{"line":7,"column":75}},"7":{"start":{"line":8,"column":0},"end":{"line":8,"column":77}},"8":{"start":{"line":9,"column":0},"end":{"line":9,"column":62}},"9":{"start":{"line":10,"column":0},"end":{"line":10,"column":0}},"10":{"start":{"line":11,"column":0},"end":{"line":11,"column":32}},"11":{"start":{"line":12,"column":0},"end":{"line":12,"column":16}},"12":{"start":{"line":13,"column":0},"end":{"line":13,"column":28}},"13":{"start":{"line":14,"column":0},"end":{"line":14,"column":47}},"14":{"start":{"line":15,"column":0},"end":{"line":15,"column":4}},"15":{"start":{"line":16,"column":0},"end":{"line":16,"column":26}},"16":{"start":{"line":17,"column":0},"end":{"line":17,"column":27}},"17":{"start":{"line":18,"column":0},"end":{"line":18,"column":21}},"18":{"start":{"line":19,"column":0},"end":{"line":19,"column":42}},"19":{"start":{"line":20,"column":0},"end":{"line":20,"column":2}},"20":{"start":{"line":21,"column":0},"end":{"line":21,"column":0}},"21":{"start":{"line":22,"column":0},"end":{"line":22,"column":64}},"22":{"start":{"line":23,"column":0},"end":{"line":23,"column":16}},"23":{"start":{"line":24,"column":0},"end":{"line":24,"column":14}},"24":{"start":{"line":25,"column":0},"end":{"line":25,"column":19}},"25":{"start":{"line":26,"column":0},"end":{"line":26,"column":4}},"26":{"start":{"line":27,"column":0},"end":{"line":27,"column":24}},"27":{"start":{"line":28,"column":0},"end":{"line":28,"column":18}},"28":{"start":{"line":29,"column":0},"end":{"line":29,"column":19}},"29":{"start":{"line":30,"column":0},"end":{"line":30,"column":20}},"30":{"start":{"line":31,"column":0},"end":{"line":31,"column":2}},"31":{"start":{"line":32,"column":0},"end":{"line":32,"column":0}},"32":{"start":{"line":33,"column":0},"end":{"line":33,"column":40}},"33":{"start":{"line":34,"column":0},"end":{"line":34,"column":14}},"34":{"start":{"line":35,"column":0},"end":{"line":35,"column":2}},"35":{"start":{"line":36,"column":0},"end":{"line":36,"column":0}},"36":{"start":{"line":37,"column":0},"end":{"line":37,"column":44}},"37":{"start":{"line":38,"column":0},"end":{"line":38,"column":22}},"38":{"start":{"line":39,"column":0},"end":{"line":39,"column":36}},"39":{"start":{"line":40,"column":0},"end":{"line":40,"column":60}},"40":{"start":{"line":41,"column":0},"end":{"line":41,"column":25}},"41":{"start":{"line":42,"column":0},"end":{"line":42,"column":3}},"42":{"start":{"line":43,"column":0},"end":{"line":43,"column":2}},"43":{"start":{"line":44,"column":0},"end":{"line":44,"column":0}},"44":{"start":{"line":45,"column":0},"end":{"line":45,"column":51}},"45":{"start":{"line":46,"column":0},"end":{"line":46,"column":28}},"46":{"start":{"line":47,"column":0},"end":{"line":47,"column":46}},"47":{"start":{"line":48,"column":0},"end":{"line":48,"column":13}},"48":{"start":{"line":49,"column":0},"end":{"line":49,"column":20}},"49":{"start":{"line":50,"column":0},"end":{"line":50,"column":74}},"50":{"start":{"line":51,"column":0},"end":{"line":51,"column":44}},"51":{"start":{"line":52,"column":0},"end":{"line":52,"column":49}},"52":{"start":{"line":53,"column":0},"end":{"line":53,"column":16}},"53":{"start":{"line":54,"column":0},"end":{"line":54,"column":61}},"54":{"start":{"line":55,"column":0},"end":{"line":55,"column":9}},"55":{"start":{"line":56,"column":0},"end":{"line":56,"column":8}},"56":{"start":{"line":57,"column":0},"end":{"line":57,"column":45}},"57":{"start":{"line":58,"column":0},"end":{"line":58,"column":35}},"58":{"start":{"line":59,"column":0},"end":{"line":59,"column":61}},"59":{"start":{"line":60,"column":0},"end":{"line":60,"column":7}},"60":{"start":{"line":61,"column":0},"end":{"line":61,"column":6}},"61":{"start":{"line":62,"column":0},"end":{"line":62,"column":23}},"62":{"start":{"line":63,"column":0},"end":{"line":63,"column":12}},"63":{"start":{"line":64,"column":0},"end":{"line":64,"column":51}},"64":{"start":{"line":65,"column":0},"end":{"line":65,"column":10}},"65":{"start":{"line":66,"column":0},"end":{"line":66,"column":75}},"66":{"start":{"line":67,"column":0},"end":{"line":67,"column":47}},"67":{"start":{"line":68,"column":0},"end":{"line":68,"column":8}},"68":{"start":{"line":69,"column":0},"end":{"line":69,"column":6}},"69":{"start":{"line":70,"column":0},"end":{"line":70,"column":65}},"70":{"start":{"line":71,"column":0},"end":{"line":71,"column":39}},"71":{"start":{"line":72,"column":0},"end":{"line":72,"column":26}},"72":{"start":{"line":73,"column":0},"end":{"line":73,"column":62}},"73":{"start":{"line":74,"column":0},"end":{"line":74,"column":72}},"74":{"start":{"line":75,"column":0},"end":{"line":75,"column":37}},"75":{"start":{"line":76,"column":0},"end":{"line":76,"column":40}},"76":{"start":{"line":77,"column":0},"end":{"line":77,"column":10}},"77":{"start":{"line":78,"column":0},"end":{"line":78,"column":7}},"78":{"start":{"line":79,"column":0},"end":{"line":79,"column":6}},"79":{"start":{"line":80,"column":0},"end":{"line":80,"column":67}},"80":{"start":{"line":81,"column":0},"end":{"line":81,"column":39}},"81":{"start":{"line":82,"column":0},"end":{"line":82,"column":65}},"82":{"start":{"line":83,"column":0},"end":{"line":83,"column":62}},"83":{"start":{"line":84,"column":0},"end":{"line":84,"column":72}},"84":{"start":{"line":85,"column":0},"end":{"line":85,"column":37}},"85":{"start":{"line":86,"column":0},"end":{"line":86,"column":40}},"86":{"start":{"line":87,"column":0},"end":{"line":87,"column":10}},"87":{"start":{"line":88,"column":0},"end":{"line":88,"column":7}},"88":{"start":{"line":89,"column":0},"end":{"line":89,"column":6}},"89":{"start":{"line":90,"column":0},"end":{"line":90,"column":56}},"90":{"start":{"line":91,"column":0},"end":{"line":91,"column":4}},"91":{"start":{"line":92,"column":0},"end":{"line":92,"column":31}},"92":{"start":{"line":93,"column":0},"end":{"line":93,"column":11}},"93":{"start":{"line":94,"column":0},"end":{"line":94,"column":48}},"94":{"start":{"line":95,"column":0},"end":{"line":95,"column":36}},"95":{"start":{"line":96,"column":0},"end":{"line":96,"column":34}},"96":{"start":{"line":97,"column":0},"end":{"line":97,"column":8}},"97":{"start":{"line":98,"column":0},"end":{"line":98,"column":57}},"98":{"start":{"line":99,"column":0},"end":{"line":99,"column":37}},"99":{"start":{"line":100,"column":0},"end":{"line":100,"column":50}},"100":{"start":{"line":101,"column":0},"end":{"line":101,"column":8}},"101":{"start":{"line":102,"column":0},"end":{"line":102,"column":58}},"102":{"start":{"line":103,"column":0},"end":{"line":103,"column":37}},"103":{"start":{"line":104,"column":0},"end":{"line":104,"column":47}},"104":{"start":{"line":105,"column":0},"end":{"line":105,"column":37}},"105":{"start":{"line":106,"column":0},"end":{"line":106,"column":43}},"106":{"start":{"line":107,"column":0},"end":{"line":107,"column":34}},"107":{"start":{"line":108,"column":0},"end":{"line":108,"column":9}},"108":{"start":{"line":109,"column":0},"end":{"line":109,"column":4}},"109":{"start":{"line":110,"column":0},"end":{"line":110,"column":14}},"110":{"start":{"line":111,"column":0},"end":{"line":111,"column":54}},"111":{"start":{"line":112,"column":0},"end":{"line":112,"column":53}},"112":{"start":{"line":113,"column":0},"end":{"line":113,"column":50}},"113":{"start":{"line":114,"column":0},"end":{"line":114,"column":43}},"114":{"start":{"line":115,"column":0},"end":{"line":115,"column":43}},"115":{"start":{"line":116,"column":0},"end":{"line":116,"column":3}},"116":{"start":{"line":117,"column":0},"end":{"line":117,"column":3}},"117":{"start":{"line":118,"column":0},"end":{"line":118,"column":0}},"118":{"start":{"line":119,"column":0},"end":{"line":119,"column":38}},"119":{"start":{"line":120,"column":0},"end":{"line":120,"column":14}},"120":{"start":{"line":121,"column":0},"end":{"line":121,"column":22}},"121":{"start":{"line":122,"column":0},"end":{"line":122,"column":18}},"122":{"start":{"line":123,"column":0},"end":{"line":123,"column":20}},"123":{"start":{"line":124,"column":0},"end":{"line":124,"column":13}},"124":{"start":{"line":125,"column":0},"end":{"line":125,"column":10}},"125":{"start":{"line":126,"column":0},"end":{"line":126,"column":37}},"126":{"start":{"line":127,"column":0},"end":{"line":127,"column":0}},"127":{"start":{"line":128,"column":0},"end":{"line":128,"column":14}},"128":{"start":{"line":129,"column":0},"end":{"line":129,"column":16}},"129":{"start":{"line":130,"column":0},"end":{"line":130,"column":19}},"130":{"start":{"line":131,"column":0},"end":{"line":131,"column":19}},"131":{"start":{"line":132,"column":0},"end":{"line":132,"column":21}},"132":{"start":{"line":133,"column":0},"end":{"line":133,"column":12}},"133":{"start":{"line":134,"column":0},"end":{"line":134,"column":35}}},"s":{"0":1,"1":1,"2":1,"3":1,"4":1,"5":1,"6":1,"7":1,"8":1,"9":1,"10":1,"11":1,"12":1,"13":1,"14":1,"15":1,"16":1,"17":1,"18":1,"19":1,"20":1,"21":1,"22":1,"23":1,"24":1,"25":1,"26":1,"27":1,"28":1,"29":1,"30":1,"31":1,"32":1,"33":1,"34":1,"35":1,"36":1,"37":1,"38":1,"39":0,"40":0,"41":0,"42":1,"43":1,"44":1,"45":1,"46":1,"47":1,"48":1,"49":1,"50":2,"51":1,"52":1,"53":1,"54":1,"55":1,"56":1,"57":2,"58":2,"59":2,"60":1,"61":1,"62":1,"63":1,"64":1,"65":1,"66":1,"67":1,"68":1,"69":1,"70":1,"71":1,"72":1,"73":1,"74":1,"75":1,"76":1,"77":1,"78":1,"79":1,"80":1,"81":1,"82":1,"83":1,"84":1,"85":1,"86":1,"87":1,"88":1,"89":1,"90":1,"91":1,"92":2,"93":2,"94":0,"95":0,"96":2,"97":2,"98":0,"99":0,"100":2,"101":2,"102":0,"103":0,"104":0,"105":0,"106":0,"107":2,"108":1,"109":1,"110":1,"111":1,"112":1,"113":1,"114":1,"115":1,"116":1,"117":1,"118":1,"119":1,"120":1,"121":1,"122":1,"123":1,"124":1,"125":1,"126":1,"127":1,"128":1,"129":1,"130":1,"131":1,"132":1,"133":1},"branchMap":{"0":{"type":"branch","line":50,"loc":{"start":{"line":50,"column":15},"end":{"line":56,"column":7}},"locations":[{"start":{"line":50,"column":15},"end":{"line":56,"column":7}}]},"1":{"type":"branch","line":51,"loc":{"start":{"line":51,"column":43},"end":{"line":55,"column":9}},"locations":[{"start":{"line":51,"column":43},"end":{"line":55,"column":9}}]},"2":{"type":"branch","line":57,"loc":{"start":{"line":57,"column":15},"end":{"line":60,"column":7}},"locations":[{"start":{"line":57,"column":15},"end":{"line":60,"column":7}}]},"3":{"type":"branch","line":62,"loc":{"start":{"line":62,"column":22},"end":{"line":69,"column":5}},"locations":[{"start":{"line":62,"column":22},"end":{"line":69,"column":5}}]},"4":{"type":"branch","line":67,"loc":{"start":{"line":67,"column":8},"end":{"line":67,"column":22}},"locations":[{"start":{"line":67,"column":8},"end":{"line":67,"column":22}}]},"5":{"type":"branch","line":70,"loc":{"start":{"line":70,"column":22},"end":{"line":79,"column":5}},"locations":[{"start":{"line":70,"column":22},"end":{"line":79,"column":5}}]},"6":{"type":"branch","line":80,"loc":{"start":{"line":80,"column":24},"end":{"line":89,"column":5}},"locations":[{"start":{"line":80,"column":24},"end":{"line":89,"column":5}}]},"7":{"type":"branch","line":90,"loc":{"start":{"line":90,"column":16},"end":{"line":90,"column":56}},"locations":[{"start":{"line":90,"column":16},"end":{"line":90,"column":56}}]},"8":{"type":"branch","line":92,"loc":{"start":{"line":92,"column":17},"end":{"line":109,"column":3}},"locations":[{"start":{"line":92,"column":17},"end":{"line":109,"column":3}}]}},"b":{"0":[2],"1":[1],"2":[2],"3":[1],"4":[2],"5":[1],"6":[1],"7":[1],"8":[2]},"fnMap":{"0":{"name":"reducer","decl":{"start":{"line":50,"column":15},"end":{"line":56,"column":7}},"loc":{"start":{"line":50,"column":15},"end":{"line":56,"column":7}},"line":50},"1":{"name":"prepare","decl":{"start":{"line":57,"column":15},"end":{"line":60,"column":7}},"loc":{"start":{"line":57,"column":15},"end":{"line":60,"column":7}},"line":57},"2":{"name":"removeIngredient","decl":{"start":{"line":62,"column":22},"end":{"line":69,"column":5}},"loc":{"start":{"line":62,"column":22},"end":{"line":69,"column":5}},"line":62},"3":{"name":"moveUpIngredient","decl":{"start":{"line":70,"column":22},"end":{"line":79,"column":5}},"loc":{"start":{"line":70,"column":22},"end":{"line":79,"column":5}},"line":70},"4":{"name":"moveDownIngredient","decl":{"start":{"line":80,"column":24},"end":{"line":89,"column":5}},"loc":{"start":{"line":80,"column":24},"end":{"line":89,"column":5}},"line":80},"5":{"name":"clearOrder","decl":{"start":{"line":90,"column":16},"end":{"line":90,"column":56}},"loc":{"start":{"line":90,"column":16},"end":{"line":90,"column":56}},"line":90},"6":{"name":"extraReducers","decl":{"start":{"line":92,"column":17},"end":{"line":109,"column":3}},"loc":{"start":{"line":92,"column":17},"end":{"line":109,"column":3}},"line":92},"7":{"name":"getConstructorItems","decl":{"start":{"line":111,"column":25},"end":{"line":111,"column":41}},"loc":{"start":{"line":111,"column":25},"end":{"line":111,"column":41}},"line":111},"8":{"name":"getOrderRequest","decl":{"start":{"line":112,"column":21},"end":{"line":112,"column":37}},"loc":{"start":{"line":112,"column":21},"end":{"line":112,"column":37}},"line":112},"9":{"name":"getOrderModalData","decl":{"start":{"line":113,"column":23},"end":{"line":113,"column":39}},"loc":{"start":{"line":113,"column":23},"end":{"line":113,"column":39}},"line":113},"10":{"name":"getLoading","decl":{"start":{"line":114,"column":16},"end":{"line":114,"column":32}},"loc":{"start":{"line":114,"column":16},"end":{"line":114,"column":32}},"line":114},"11":{"name":"getError","decl":{"start":{"line":115,"column":14},"end":{"line":115,"column":30}},"loc":{"start":{"line":115,"column":14},"end":{"line":115,"column":30}},"line":115}},"f":{"0":2,"1":2,"2":1,"3":1,"4":1,"5":1,"6":2,"7":0,"8":0,"9":0,"10":0,"11":0}}
,"/home/maryam/Desktop/ff/Stellar_Burgers-review/src/services/slices/FeedDataSlice.ts": {"path":"/home/maryam/Desktop/ff/Stellar_Burgers-review/src/services/slices/FeedDataSlice.ts","all":false,"statementMap":{"0":{"start":{"line":1,"column":0},"end":{"line":1,"column":65}},"1":{"start":{"line":2,"column":0},"end":{"line":2,"column":54}},"2":{"start":{"line":3,"column":0},"end":{"line":3,"column":38}},"3":{"start":{"line":4,"column":0},"end":{"line":4,"column":63}},"4":{"start":{"line":5,"column":0},"end":{"line":5,"column":43}},"5":{"start":{"line":6,"column":0},"end":{"line":6,"column":0}},"6":{"start":{"line":7,"column":0},"end":{"line":7,"column":26}},"7":{"start":{"line":8,"column":0},"end":{"line":8,"column":19}},"8":{"start":{"line":9,"column":0},"end":{"line":9,"column":16}},"9":{"start":{"line":10,"column":0},"end":{"line":10,"column":21}},"10":{"start":{"line":11,"column":0},"end":{"line":11,"column":23}},"11":{"start":{"line":12,"column":0},"end":{"line":12,"column":19}},"12":{"start":{"line":13,"column":0},"end":{"line":13,"column":28}},"13":{"start":{"line":14,"column":0},"end":{"line":14,"column":2}},"14":{"start":{"line":15,"column":0},"end":{"line":15,"column":0}},"15":{"start":{"line":16,"column":0},"end":{"line":16,"column":34}},"16":{"start":{"line":17,"column":0},"end":{"line":17,"column":13}},"17":{"start":{"line":18,"column":0},"end":{"line":18,"column":11}},"18":{"start":{"line":19,"column":0},"end":{"line":19,"column":16}},"19":{"start":{"line":20,"column":0},"end":{"line":20,"column":14}},"20":{"start":{"line":21,"column":0},"end":{"line":21,"column":17}},"21":{"start":{"line":22,"column":0},"end":{"line":22,"column":18}},"22":{"start":{"line":23,"column":0},"end":{"line":23,"column":2}},"23":{"start":{"line":24,"column":0},"end":{"line":24,"column":0}},"24":{"start":{"line":25,"column":0},"end":{"line":25,"column":71}},"25":{"start":{"line":26,"column":0},"end":{"line":26,"column":0}},"26":{"start":{"line":27,"column":0},"end":{"line":27,"column":46}},"27":{"start":{"line":28,"column":0},"end":{"line":28,"column":18}},"28":{"start":{"line":29,"column":0},"end":{"line":29,"column":50}},"29":{"start":{"line":30,"column":0},"end":{"line":30,"column":9}},"30":{"start":{"line":31,"column":0},"end":{"line":31,"column":59}},"31":{"start":{"line":32,"column":0},"end":{"line":32,"column":22}},"32":{"start":{"line":33,"column":0},"end":{"line":33,"column":21}},"33":{"start":{"line":34,"column":0},"end":{"line":34,"column":48}},"34":{"start":{"line":35,"column":0},"end":{"line":35,"column":5}},"35":{"start":{"line":36,"column":0},"end":{"line":36,"column":3}},"36":{"start":{"line":37,"column":0},"end":{"line":37,"column":2}},"37":{"start":{"line":38,"column":0},"end":{"line":38,"column":0}},"38":{"start":{"line":39,"column":0},"end":{"line":39,"column":42}},"39":{"start":{"line":40,"column":0},"end":{"line":40,"column":19}},"40":{"start":{"line":41,"column":0},"end":{"line":41,"column":15}},"41":{"start":{"line":42,"column":0},"end":{"line":42,"column":15}},"42":{"start":{"line":43,"column":0},"end":{"line":43,"column":31}},"43":{"start":{"line":44,"column":0},"end":{"line":44,"column":11}},"44":{"start":{"line":45,"column":0},"end":{"line":45,"column":48}},"45":{"start":{"line":46,"column":0},"end":{"line":46,"column":29}},"46":{"start":{"line":47,"column":0},"end":{"line":47,"column":27}},"47":{"start":{"line":48,"column":0},"end":{"line":48,"column":8}},"48":{"start":{"line":49,"column":0},"end":{"line":49,"column":58}},"49":{"start":{"line":50,"column":0},"end":{"line":50,"column":45}},"50":{"start":{"line":51,"column":0},"end":{"line":51,"column":43}},"51":{"start":{"line":52,"column":0},"end":{"line":52,"column":53}},"52":{"start":{"line":53,"column":0},"end":{"line":53,"column":30}},"53":{"start":{"line":54,"column":0},"end":{"line":54,"column":8}},"54":{"start":{"line":55,"column":0},"end":{"line":55,"column":57}},"55":{"start":{"line":56,"column":0},"end":{"line":56,"column":30}},"56":{"start":{"line":57,"column":0},"end":{"line":57,"column":59}},"57":{"start":{"line":58,"column":0},"end":{"line":58,"column":8}},"58":{"start":{"line":59,"column":0},"end":{"line":59,"column":50}},"59":{"start":{"line":60,"column":0},"end":{"line":60,"column":29}},"60":{"start":{"line":61,"column":0},"end":{"line":61,"column":27}},"61":{"start":{"line":62,"column":0},"end":{"line":62,"column":8}},"62":{"start":{"line":63,"column":0},"end":{"line":63,"column":60}},"63":{"start":{"line":64,"column":0},"end":{"line":64,"column":30}},"64":{"start":{"line":65,"column":0},"end":{"line":65,"column":52}},"65":{"start":{"line":66,"column":0},"end":{"line":66,"column":8}},"66":{"start":{"line":67,"column":0},"end":{"line":67,"column":59}},"67":{"start":{"line":68,"column":0},"end":{"line":68,"column":30}},"68":{"start":{"line":69,"column":0},"end":{"line":69,"column":59}},"69":{"start":{"line":70,"column":0},"end":{"line":70,"column":9}},"70":{"start":{"line":71,"column":0},"end":{"line":71,"column":4}},"71":{"start":{"line":72,"column":0},"end":{"line":72,"column":14}},"72":{"start":{"line":73,"column":0},"end":{"line":73,"column":43}},"73":{"start":{"line":74,"column":0},"end":{"line":74,"column":49}},"74":{"start":{"line":75,"column":0},"end":{"line":75,"column":53}},"75":{"start":{"line":76,"column":0},"end":{"line":76,"column":41}},"76":{"start":{"line":77,"column":0},"end":{"line":77,"column":37}},"77":{"start":{"line":78,"column":0},"end":{"line":78,"column":49}},"78":{"start":{"line":79,"column":0},"end":{"line":79,"column":3}},"79":{"start":{"line":80,"column":0},"end":{"line":80,"column":3}},"80":{"start":{"line":81,"column":0},"end":{"line":81,"column":0}},"81":{"start":{"line":82,"column":0},"end":{"line":82,"column":29}},"82":{"start":{"line":83,"column":0},"end":{"line":83,"column":14}},"83":{"start":{"line":84,"column":0},"end":{"line":84,"column":16}},"84":{"start":{"line":85,"column":0},"end":{"line":85,"column":23}},"85":{"start":{"line":86,"column":0},"end":{"line":86,"column":22}},"86":{"start":{"line":87,"column":0},"end":{"line":87,"column":13}},"87":{"start":{"line":88,"column":0},"end":{"line":88,"column":10}},"88":{"start":{"line":89,"column":0},"end":{"line":89,"column":28}}},"s":{"0":1,"1":1,"2":1,"3":1,"4":1,"5":1,"6":1,"7":1,"8":1,"9":1,"10":1,"11":1,"12":1,"13":1,"14":1,"15":1,"16":1,"17":1,"18":1,"19":1,"20":1,"21":1,"22":1,"23":1,"24":1,"25":1,"26":1,"27":1,"28":1,"29":0,"30":0,"31":0,"32":0,"33":0,"34":0,"35":0,"36":1,"37":1,"38":1,"39":1,"40":1,"41":1,"42":1,"43":2,"44":2,"45":1,"46":1,"47":2,"48":2,"49":1,"50":1,"51":1,"52":1,"53":2,"54":2,"55":1,"56":1,"57":2,"58":2,"59":1,"60":1,"61":2,"62":2,"63":1,"64":1,"65":2,"66":2,"67":1,"68":1,"69":2,"70":1,"71":1,"72":1,"73":1,"74":1,"75":1,"76":1,"77":1,"78":1,"79":1,"80":1,"81":1,"82":1,"83":1,"84":1,"85":1,"86":1,"87":1,"88":1},"branchMap":{"0":{"type":"branch","line":43,"loc":{"start":{"line":43,"column":17},"end":{"line":71,"column":3}},"locations":[{"start":{"line":43,"column":17},"end":{"line":71,"column":3}}]},"1":{"type":"branch","line":45,"loc":{"start":{"line":45,"column":36},"end":{"line":48,"column":7}},"locations":[{"start":{"line":45,"column":36},"end":{"line":48,"column":7}}]},"2":{"type":"branch","line":49,"loc":{"start":{"line":49,"column":38},"end":{"line":54,"column":7}},"locations":[{"start":{"line":49,"column":38},"end":{"line":54,"column":7}}]},"3":{"type":"branch","line":55,"loc":{"start":{"line":55,"column":37},"end":{"line":58,"column":7}},"locations":[{"start":{"line":55,"column":37},"end":{"line":58,"column":7}}]},"4":{"type":"branch","line":57,"loc":{"start":{"line":57,"column":42},"end":{"line":57,"column":58}},"locations":[{"start":{"line":57,"column":42},"end":{"line":57,"column":58}}]},"5":{"type":"branch","line":59,"loc":{"start":{"line":59,"column":38},"end":{"line":62,"column":7}},"locations":[{"start":{"line":59,"column":38},"end":{"line":62,"column":7}}]},"6":{"type":"branch","line":63,"loc":{"start":{"line":63,"column":40},"end":{"line":66,"column":7}},"locations":[{"start":{"line":63,"column":40},"end":{"line":66,"column":7}}]},"7":{"type":"branch","line":67,"loc":{"start":{"line":67,"column":39},"end":{"line":70,"column":7}},"locations":[{"start":{"line":67,"column":39},"end":{"line":70,"column":7}}]},"8":{"type":"branch","line":69,"loc":{"start":{"line":69,"column":42},"end":{"line":69,"column":58}},"locations":[{"start":{"line":69,"column":42},"end":{"line":69,"column":58}}]}},"b":{"0":[2],"1":[1],"2":[1],"3":[1],"4":[0],"5":[1],"6":[1],"7":[1],"8":[0]},"fnMap":{"0":{"name":"extraReducers","decl":{"start":{"line":43,"column":17},"end":{"line":71,"column":3}},"loc":{"start":{"line":43,"column":17},"end":{"line":71,"column":3}},"line":43},"1":{"name":"getFeedOrders","decl":{"start":{"line":73,"column":19},"end":{"line":73,"column":35}},"loc":{"start":{"line":73,"column":19},"end":{"line":73,"column":35}},"line":73},"2":{"name":"getTotalEmountOrders","decl":{"start":{"line":74,"column":26},"end":{"line":74,"column":42}},"loc":{"start":{"line":74,"column":26},"end":{"line":74,"column":42}},"line":74},"3":{"name":"getTotalEmountToday","decl":{"start":{"line":75,"column":25},"end":{"line":75,"column":41}},"loc":{"start":{"line":75,"column":25},"end":{"line":75,"column":41}},"line":75},"4":{"name":"getLoading","decl":{"start":{"line":76,"column":16},"end":{"line":76,"column":32}},"loc":{"start":{"line":76,"column":16},"end":{"line":76,"column":32}},"line":76},"5":{"name":"getError","decl":{"start":{"line":77,"column":14},"end":{"line":77,"column":30}},"loc":{"start":{"line":77,"column":14},"end":{"line":77,"column":30}},"line":77},"6":{"name":"selectModalOrder","decl":{"start":{"line":78,"column":22},"end":{"line":78,"column":38}},"loc":{"start":{"line":78,"column":22},"end":{"line":78,"column":38}},"line":78}},"f":{"0":2,"1":0,"2":0,"3":0,"4":0,"5":0,"6":0}}
,"/home/maryam/Desktop/ff/Stellar_Burgers-review/src/services/slices/IngredientsSlice.ts": {"path":"/home/maryam/Desktop/ff/Stellar_Burgers-review/src/services/slices/IngredientsSlice.ts","all":false,"statementMap":{"0":{"start":{"line":1,"column":0},"end":{"line":1,"column":65}},"1":{"start":{"line":2,"column":0},"end":{"line":2,"column":43}},"2":{"start":{"line":3,"column":0},"end":{"line":3,"column":61}},"3":{"start":{"line":4,"column":0},"end":{"line":4,"column":0}},"4":{"start":{"line":5,"column":0},"end":{"line":5,"column":33}},"5":{"start":{"line":6,"column":0},"end":{"line":6,"column":38}},"6":{"start":{"line":7,"column":0},"end":{"line":7,"column":21}},"7":{"start":{"line":8,"column":0},"end":{"line":8,"column":42}},"8":{"start":{"line":9,"column":0},"end":{"line":9,"column":2}},"9":{"start":{"line":10,"column":0},"end":{"line":10,"column":0}},"10":{"start":{"line":11,"column":0},"end":{"line":11,"column":52}},"11":{"start":{"line":12,"column":0},"end":{"line":12,"column":22}},"12":{"start":{"line":13,"column":0},"end":{"line":13,"column":19}},"13":{"start":{"line":14,"column":0},"end":{"line":14,"column":20}},"14":{"start":{"line":15,"column":0},"end":{"line":15,"column":2}},"15":{"start":{"line":16,"column":0},"end":{"line":16,"column":0}},"16":{"start":{"line":17,"column":0},"end":{"line":17,"column":49}},"17":{"start":{"line":18,"column":0},"end":{"line":18,"column":33}},"18":{"start":{"line":19,"column":0},"end":{"line":19,"column":15}},"19":{"start":{"line":20,"column":0},"end":{"line":20,"column":56}},"20":{"start":{"line":21,"column":0},"end":{"line":21,"column":27}},"21":{"start":{"line":22,"column":0},"end":{"line":22,"column":3}},"22":{"start":{"line":23,"column":0},"end":{"line":23,"column":2}},"23":{"start":{"line":24,"column":0},"end":{"line":24,"column":0}},"24":{"start":{"line":25,"column":0},"end":{"line":25,"column":38}},"25":{"start":{"line":26,"column":0},"end":{"line":26,"column":22}},"26":{"start":{"line":27,"column":0},"end":{"line":27,"column":40}},"27":{"start":{"line":28,"column":0},"end":{"line":28,"column":15}},"28":{"start":{"line":29,"column":0},"end":{"line":29,"column":31}},"29":{"start":{"line":30,"column":0},"end":{"line":30,"column":11}},"30":{"start":{"line":31,"column":0},"end":{"line":31,"column":53}},"31":{"start":{"line":32,"column":0},"end":{"line":32,"column":31}},"32":{"start":{"line":33,"column":0},"end":{"line":33,"column":34}},"33":{"start":{"line":34,"column":0},"end":{"line":34,"column":8}},"34":{"start":{"line":35,"column":0},"end":{"line":35,"column":62}},"35":{"start":{"line":36,"column":0},"end":{"line":36,"column":32}},"36":{"start":{"line":37,"column":0},"end":{"line":37,"column":50}},"37":{"start":{"line":38,"column":0},"end":{"line":38,"column":8}},"38":{"start":{"line":39,"column":0},"end":{"line":39,"column":63}},"39":{"start":{"line":40,"column":0},"end":{"line":40,"column":32}},"40":{"start":{"line":41,"column":0},"end":{"line":41,"column":47}},"41":{"start":{"line":42,"column":0},"end":{"line":42,"column":9}},"42":{"start":{"line":43,"column":0},"end":{"line":43,"column":3}},"43":{"start":{"line":44,"column":0},"end":{"line":44,"column":3}},"44":{"start":{"line":45,"column":0},"end":{"line":45,"column":0}},"45":{"start":{"line":46,"column":0},"end":{"line":46,"column":12}},"46":{"start":{"line":47,"column":0},"end":{"line":47,"column":46}},"47":{"start":{"line":48,"column":0},"end":{"line":48,"column":33}},"48":{"start":{"line":49,"column":0},"end":{"line":49,"column":40}},"49":{"start":{"line":50,"column":0},"end":{"line":50,"column":49}},"50":{"start":{"line":51,"column":0},"end":{"line":51,"column":33}},"51":{"start":{"line":52,"column":0},"end":{"line":52,"column":34}},"52":{"start":{"line":53,"column":0},"end":{"line":53,"column":0}},"53":{"start":{"line":54,"column":0},"end":{"line":54,"column":32}}},"s":{"0":1,"1":1,"2":1,"3":1,"4":1,"5":1,"6":1,"7":1,"8":1,"9":1,"10":1,"11":1,"12":1,"13":1,"14":1,"15":1,"16":1,"17":1,"18":1,"19":0,"20":0,"21":0,"22":1,"23":1,"24":1,"25":1,"26":1,"27":1,"28":1,"29":2,"30":2,"31":1,"32":1,"33":2,"34":2,"35":1,"36":1,"37":2,"38":2,"39":1,"40":1,"41":2,"42":2,"43":1,"44":1,"45":1,"46":1,"47":0,"48":1,"49":1,"50":0,"51":1,"52":1,"53":1},"branchMap":{"0":{"type":"branch","line":29,"loc":{"start":{"line":29,"column":17},"end":{"line":43,"column":3}},"locations":[{"start":{"line":29,"column":17},"end":{"line":43,"column":3}}]},"1":{"type":"branch","line":31,"loc":{"start":{"line":31,"column":41},"end":{"line":34,"column":7}},"locations":[{"start":{"line":31,"column":41},"end":{"line":34,"column":7}}]},"2":{"type":"branch","line":35,"loc":{"start":{"line":35,"column":42},"end":{"line":38,"column":7}},"locations":[{"start":{"line":35,"column":42},"end":{"line":38,"column":7}}]},"3":{"type":"branch","line":39,"loc":{"start":{"line":39,"column":43},"end":{"line":42,"column":7}},"locations":[{"start":{"line":39,"column":43},"end":{"line":42,"column":7}}]}},"b":{"0":[2],"1":[1],"2":[1],"3":[1]},"fnMap":{"0":{"name":"extraReducers","decl":{"start":{"line":29,"column":17},"end":{"line":43,"column":3}},"loc":{"start":{"line":29,"column":17},"end":{"line":43,"column":3}},"line":29},"1":{"name":"selectIngredientsList","decl":{"start":{"line":47,"column":37},"end":{"line":49,"column":11}},"loc":{"start":{"line":47,"column":37},"end":{"line":49,"column":11}},"line":47},"2":{"name":"selectIngredientsLoading","decl":{"start":{"line":50,"column":40},"end":{"line":52,"column":11}},"loc":{"start":{"line":50,"column":40},"end":{"line":52,"column":11}},"line":50}},"f":{"0":2,"1":0,"2":0}}
,"/home/maryam/Desktop/ff/Stellar_Burgers-review/src/services/slices/UserInfoSlice.ts": {"path":"/home/maryam/Desktop/ff/Stellar_Burgers-review/src/services/slices/UserInfoSlice.ts","all":false,"statementMap":{"0":{"start":{"line":1,"column":0},"end":{"line":1,"column":65}},"1":{"start":{"line":2,"column":0},"end":{"line":2,"column":37}},"2":{"start":{"line":3,"column":0},"end":{"line":3,"column":75}},"3":{"start":{"line":4,"column":0},"end":{"line":4,"column":8}},"4":{"start":{"line":5,"column":0},"end":{"line":5,"column":21}},"5":{"start":{"line":6,"column":0},"end":{"line":6,"column":29}},"6":{"start":{"line":7,"column":0},"end":{"line":7,"column":16}},"7":{"start":{"line":8,"column":0},"end":{"line":8,"column":16}},"8":{"start":{"line":9,"column":0},"end":{"line":9,"column":22}},"9":{"start":{"line":10,"column":0},"end":{"line":10,"column":23}},"10":{"start":{"line":11,"column":0},"end":{"line":11,"column":17}},"11":{"start":{"line":12,"column":0},"end":{"line":12,"column":26}},"12":{"start":{"line":13,"column":0},"end":{"line":13,"column":26}},"13":{"start":{"line":14,"column":0},"end":{"line":14,"column":13}},"14":{"start":{"line":15,"column":0},"end":{"line":15,"column":32}},"15":{"start":{"line":16,"column":0},"end":{"line":16,"column":0}},"16":{"start":{"line":17,"column":0},"end":{"line":17,"column":26}},"17":{"start":{"line":18,"column":0},"end":{"line":18,"column":65}},"18":{"start":{"line":19,"column":0},"end":{"line":19,"column":22}},"19":{"start":{"line":20,"column":0},"end":{"line":20,"column":70}},"20":{"start":{"line":21,"column":0},"end":{"line":21,"column":60}},"21":{"start":{"line":22,"column":0},"end":{"line":22,"column":55}},"22":{"start":{"line":23,"column":0},"end":{"line":23,"column":2}},"23":{"start":{"line":24,"column":0},"end":{"line":24,"column":0}},"24":{"start":{"line":25,"column":0},"end":{"line":25,"column":38}},"25":{"start":{"line":26,"column":0},"end":{"line":26,"column":24}},"26":{"start":{"line":27,"column":0},"end":{"line":27,"column":20}},"27":{"start":{"line":28,"column":0},"end":{"line":28,"column":20}},"28":{"start":{"line":29,"column":0},"end":{"line":29,"column":18}},"29":{"start":{"line":30,"column":0},"end":{"line":30,"column":22}},"30":{"start":{"line":31,"column":0},"end":{"line":31,"column":2}},"31":{"start":{"line":32,"column":0},"end":{"line":32,"column":0}},"32":{"start":{"line":33,"column":0},"end":{"line":33,"column":49}},"33":{"start":{"line":34,"column":0},"end":{"line":34,"column":22}},"34":{"start":{"line":35,"column":0},"end":{"line":35,"column":21}},"35":{"start":{"line":36,"column":0},"end":{"line":36,"column":2}},"36":{"start":{"line":37,"column":0},"end":{"line":37,"column":0}},"37":{"start":{"line":38,"column":0},"end":{"line":38,"column":48}},"38":{"start":{"line":39,"column":0},"end":{"line":39,"column":18}},"39":{"start":{"line":40,"column":0},"end":{"line":40,"column":53}},"40":{"start":{"line":41,"column":0},"end":{"line":41,"column":68}},"41":{"start":{"line":42,"column":0},"end":{"line":42,"column":0}},"42":{"start":{"line":43,"column":0},"end":{"line":43,"column":53}},"43":{"start":{"line":44,"column":0},"end":{"line":44,"column":64}},"44":{"start":{"line":45,"column":0},"end":{"line":45,"column":0}},"45":{"start":{"line":46,"column":0},"end":{"line":46,"column":25}},"46":{"start":{"line":47,"column":0},"end":{"line":47,"column":3}},"47":{"start":{"line":48,"column":0},"end":{"line":48,"column":2}},"48":{"start":{"line":49,"column":0},"end":{"line":49,"column":0}},"49":{"start":{"line":50,"column":0},"end":{"line":50,"column":49}},"50":{"start":{"line":51,"column":0},"end":{"line":51,"column":15}},"51":{"start":{"line":52,"column":0},"end":{"line":52,"column":61}},"52":{"start":{"line":53,"column":0},"end":{"line":53,"column":62}},"53":{"start":{"line":54,"column":0},"end":{"line":54,"column":0}},"54":{"start":{"line":55,"column":0},"end":{"line":55,"column":53}},"55":{"start":{"line":56,"column":0},"end":{"line":56,"column":64}},"56":{"start":{"line":57,"column":0},"end":{"line":57,"column":0}},"57":{"start":{"line":58,"column":0},"end":{"line":58,"column":25}},"58":{"start":{"line":59,"column":0},"end":{"line":59,"column":3}},"59":{"start":{"line":60,"column":0},"end":{"line":60,"column":2}},"60":{"start":{"line":61,"column":0},"end":{"line":61,"column":0}},"61":{"start":{"line":62,"column":0},"end":{"line":62,"column":50}},"62":{"start":{"line":63,"column":0},"end":{"line":63,"column":16}},"63":{"start":{"line":64,"column":0},"end":{"line":64,"column":37}},"64":{"start":{"line":65,"column":0},"end":{"line":65,"column":9}},"65":{"start":{"line":66,"column":0},"end":{"line":66,"column":29}},"66":{"start":{"line":67,"column":0},"end":{"line":67,"column":34}},"67":{"start":{"line":68,"column":0},"end":{"line":68,"column":27}},"68":{"start":{"line":69,"column":0},"end":{"line":69,"column":21}},"69":{"start":{"line":70,"column":0},"end":{"line":70,"column":36}},"70":{"start":{"line":71,"column":0},"end":{"line":71,"column":5}},"71":{"start":{"line":72,"column":0},"end":{"line":72,"column":3}},"72":{"start":{"line":73,"column":0},"end":{"line":73,"column":2}},"73":{"start":{"line":74,"column":0},"end":{"line":74,"column":0}},"74":{"start":{"line":75,"column":0},"end":{"line":75,"column":50}},"75":{"start":{"line":76,"column":0},"end":{"line":76,"column":16}},"76":{"start":{"line":77,"column":0},"end":{"line":77,"column":22}},"77":{"start":{"line":78,"column":0},"end":{"line":78,"column":2}},"78":{"start":{"line":79,"column":0},"end":{"line":79,"column":0}},"79":{"start":{"line":80,"column":0},"end":{"line":80,"column":43}},"80":{"start":{"line":81,"column":0},"end":{"line":81,"column":20}},"81":{"start":{"line":82,"column":0},"end":{"line":82,"column":33}},"82":{"start":{"line":83,"column":0},"end":{"line":83,"column":13}},"83":{"start":{"line":84,"column":0},"end":{"line":84,"column":33}},"84":{"start":{"line":85,"column":0},"end":{"line":85,"column":34}},"85":{"start":{"line":86,"column":0},"end":{"line":86,"column":5}},"86":{"start":{"line":87,"column":0},"end":{"line":87,"column":4}},"87":{"start":{"line":88,"column":0},"end":{"line":88,"column":31}},"88":{"start":{"line":89,"column":0},"end":{"line":89,"column":11}},"89":{"start":{"line":90,"column":0},"end":{"line":90,"column":53}},"90":{"start":{"line":91,"column":0},"end":{"line":91,"column":33}},"91":{"start":{"line":92,"column":0},"end":{"line":92,"column":31}},"92":{"start":{"line":93,"column":0},"end":{"line":93,"column":33}},"93":{"start":{"line":94,"column":0},"end":{"line":94,"column":35}},"94":{"start":{"line":95,"column":0},"end":{"line":95,"column":8}},"95":{"start":{"line":96,"column":0},"end":{"line":96,"column":63}},"96":{"start":{"line":97,"column":0},"end":{"line":97,"column":32}},"97":{"start":{"line":98,"column":0},"end":{"line":98,"column":52}},"98":{"start":{"line":99,"column":0},"end":{"line":99,"column":36}},"99":{"start":{"line":100,"column":0},"end":{"line":100,"column":36}},"100":{"start":{"line":101,"column":0},"end":{"line":101,"column":8}},"101":{"start":{"line":102,"column":0},"end":{"line":102,"column":62}},"102":{"start":{"line":103,"column":0},"end":{"line":103,"column":78}},"103":{"start":{"line":104,"column":0},"end":{"line":104,"column":33}},"104":{"start":{"line":105,"column":0},"end":{"line":105,"column":33}},"105":{"start":{"line":106,"column":0},"end":{"line":106,"column":36}},"106":{"start":{"line":107,"column":0},"end":{"line":107,"column":36}},"107":{"start":{"line":108,"column":0},"end":{"line":108,"column":8}},"108":{"start":{"line":109,"column":0},"end":{"line":109,"column":52}},"109":{"start":{"line":110,"column":0},"end":{"line":110,"column":33}},"110":{"start":{"line":111,"column":0},"end":{"line":111,"column":33}},"111":{"start":{"line":112,"column":0},"end":{"line":112,"column":35}},"112":{"start":{"line":113,"column":0},"end":{"line":113,"column":8}},"113":{"start":{"line":114,"column":0},"end":{"line":114,"column":62}},"114":{"start":{"line":115,"column":0},"end":{"line":115,"column":32}},"115":{"start":{"line":116,"column":0},"end":{"line":116,"column":52}},"116":{"start":{"line":117,"column":0},"end":{"line":117,"column":36}},"117":{"start":{"line":118,"column":0},"end":{"line":118,"column":8}},"118":{"start":{"line":119,"column":0},"end":{"line":119,"column":61}},"119":{"start":{"line":120,"column":0},"end":{"line":120,"column":33}},"120":{"start":{"line":121,"column":0},"end":{"line":121,"column":25}},"121":{"start":{"line":122,"column":0},"end":{"line":122,"column":67}},"122":{"start":{"line":123,"column":0},"end":{"line":123,"column":36}},"123":{"start":{"line":124,"column":0},"end":{"line":124,"column":8}},"124":{"start":{"line":125,"column":0},"end":{"line":125,"column":53}},"125":{"start":{"line":126,"column":0},"end":{"line":126,"column":31}},"126":{"start":{"line":127,"column":0},"end":{"line":127,"column":35}},"127":{"start":{"line":128,"column":0},"end":{"line":128,"column":8}},"128":{"start":{"line":129,"column":0},"end":{"line":129,"column":63}},"129":{"start":{"line":130,"column":0},"end":{"line":130,"column":32}},"130":{"start":{"line":131,"column":0},"end":{"line":131,"column":52}},"131":{"start":{"line":132,"column":0},"end":{"line":132,"column":36}},"132":{"start":{"line":133,"column":0},"end":{"line":133,"column":36}},"133":{"start":{"line":134,"column":0},"end":{"line":134,"column":8}},"134":{"start":{"line":135,"column":0},"end":{"line":135,"column":62}},"135":{"start":{"line":136,"column":0},"end":{"line":136,"column":36}},"136":{"start":{"line":137,"column":0},"end":{"line":137,"column":25}},"137":{"start":{"line":138,"column":0},"end":{"line":138,"column":65}},"138":{"start":{"line":139,"column":0},"end":{"line":139,"column":36}},"139":{"start":{"line":140,"column":0},"end":{"line":140,"column":8}},"140":{"start":{"line":141,"column":0},"end":{"line":141,"column":54}},"141":{"start":{"line":142,"column":0},"end":{"line":142,"column":32}},"142":{"start":{"line":143,"column":0},"end":{"line":143,"column":35}},"143":{"start":{"line":144,"column":0},"end":{"line":144,"column":8}},"144":{"start":{"line":145,"column":0},"end":{"line":145,"column":64}},"145":{"start":{"line":146,"column":0},"end":{"line":146,"column":33}},"146":{"start":{"line":147,"column":0},"end":{"line":147,"column":36}},"147":{"start":{"line":148,"column":0},"end":{"line":148,"column":33}},"148":{"start":{"line":149,"column":0},"end":{"line":149,"column":36}},"149":{"start":{"line":150,"column":0},"end":{"line":150,"column":48}},"150":{"start":{"line":151,"column":0},"end":{"line":151,"column":8}},"151":{"start":{"line":152,"column":0},"end":{"line":152,"column":63}},"152":{"start":{"line":153,"column":0},"end":{"line":153,"column":33}},"153":{"start":{"line":154,"column":0},"end":{"line":154,"column":36}},"154":{"start":{"line":155,"column":0},"end":{"line":155,"column":25}},"155":{"start":{"line":156,"column":0},"end":{"line":156,"column":66}},"156":{"start":{"line":157,"column":0},"end":{"line":157,"column":8}},"157":{"start":{"line":158,"column":0},"end":{"line":158,"column":54}},"158":{"start":{"line":159,"column":0},"end":{"line":159,"column":32}},"159":{"start":{"line":160,"column":0},"end":{"line":160,"column":35}},"160":{"start":{"line":161,"column":0},"end":{"line":161,"column":8}},"161":{"start":{"line":162,"column":0},"end":{"line":162,"column":64}},"162":{"start":{"line":163,"column":0},"end":{"line":163,"column":32}},"163":{"start":{"line":164,"column":0},"end":{"line":164,"column":52}},"164":{"start":{"line":165,"column":0},"end":{"line":165,"column":36}},"165":{"start":{"line":166,"column":0},"end":{"line":166,"column":8}},"166":{"start":{"line":167,"column":0},"end":{"line":167,"column":63}},"167":{"start":{"line":168,"column":0},"end":{"line":168,"column":80}},"168":{"start":{"line":169,"column":0},"end":{"line":169,"column":36}},"169":{"start":{"line":170,"column":0},"end":{"line":170,"column":9}},"170":{"start":{"line":171,"column":0},"end":{"line":171,"column":4}},"171":{"start":{"line":172,"column":0},"end":{"line":172,"column":14}},"172":{"start":{"line":173,"column":0},"end":{"line":173,"column":45}},"173":{"start":{"line":174,"column":0},"end":{"line":174,"column":55}},"174":{"start":{"line":175,"column":0},"end":{"line":175,"column":53}},"175":{"start":{"line":176,"column":0},"end":{"line":176,"column":57}},"176":{"start":{"line":177,"column":0},"end":{"line":177,"column":58}},"177":{"start":{"line":178,"column":0},"end":{"line":178,"column":3}},"178":{"start":{"line":179,"column":0},"end":{"line":179,"column":3}},"179":{"start":{"line":180,"column":0},"end":{"line":180,"column":0}},"180":{"start":{"line":181,"column":0},"end":{"line":181,"column":46}},"181":{"start":{"line":182,"column":0},"end":{"line":182,"column":19}},"182":{"start":{"line":183,"column":0},"end":{"line":183,"column":24}},"183":{"start":{"line":184,"column":0},"end":{"line":184,"column":36}},"184":{"start":{"line":185,"column":0},"end":{"line":185,"column":50}},"185":{"start":{"line":186,"column":0},"end":{"line":186,"column":36}},"186":{"start":{"line":187,"column":0},"end":{"line":187,"column":9}},"187":{"start":{"line":188,"column":0},"end":{"line":188,"column":12}},"188":{"start":{"line":189,"column":0},"end":{"line":189,"column":34}},"189":{"start":{"line":190,"column":0},"end":{"line":190,"column":5}},"190":{"start":{"line":191,"column":0},"end":{"line":191,"column":3}},"191":{"start":{"line":192,"column":0},"end":{"line":192,"column":2}},"192":{"start":{"line":193,"column":0},"end":{"line":193,"column":0}},"193":{"start":{"line":194,"column":0},"end":{"line":194,"column":58}},"194":{"start":{"line":195,"column":0},"end":{"line":195,"column":30}},"195":{"start":{"line":196,"column":0},"end":{"line":196,"column":0}},"196":{"start":{"line":197,"column":0},"end":{"line":197,"column":14}},"197":{"start":{"line":198,"column":0},"end":{"line":198,"column":13}},"198":{"start":{"line":199,"column":0},"end":{"line":199,"column":24}},"199":{"start":{"line":200,"column":0},"end":{"line":200,"column":23}},"200":{"start":{"line":201,"column":0},"end":{"line":201,"column":22}},"201":{"start":{"line":202,"column":0},"end":{"line":202,"column":24}},"202":{"start":{"line":203,"column":0},"end":{"line":203,"column":29}}},"s":{"0":1,"1":1,"2":1,"3":1,"4":1,"5":1,"6":1,"7":1,"8":1,"9":1,"10":1,"11":1,"12":1,"13":1,"14":1,"15":1,"16":1,"17":1,"18":1,"19":1,"20":1,"21":1,"22":1,"23":1,"24":1,"25":1,"26":1,"27":1,"28":1,"29":1,"30":1,"31":1,"32":1,"33":1,"34":1,"35":1,"36":1,"37":1,"38":1,"39":1,"40":0,"41":0,"42":0,"43":0,"44":0,"45":0,"46":0,"47":1,"48":1,"49":1,"50":1,"51":1,"52":0,"53":0,"54":0,"55":0,"56":0,"57":0,"58":0,"59":1,"60":1,"61":1,"62":1,"63":1,"64":0,"65":0,"66":0,"67":0,"68":0,"69":0,"70":0,"71":0,"72":1,"73":1,"74":1,"75":1,"76":1,"77":1,"78":1,"79":1,"80":1,"81":1,"82":1,"83":1,"84":1,"85":1,"86":1,"87":1,"88":2,"89":2,"90":0,"91":0,"92":0,"93":0,"94":2,"95":2,"96":0,"97":0,"98":0,"99":0,"100":2,"101":2,"102":0,"103":0,"104":0,"105":0,"106":0,"107":2,"108":2,"109":1,"110":1,"111":1,"112":2,"113":2,"114":1,"115":1,"116":1,"117":2,"118":2,"119":1,"120":1,"121":1,"122":1,"123":2,"124":2,"125":1,"126":1,"127":2,"128":2,"129":1,"130":1,"131":1,"132":1,"133":2,"134":2,"135":1,"136":1,"137":1,"138":1,"139":2,"140":2,"141":1,"142":1,"143":2,"144":2,"145":1,"146":1,"147":1,"148":1,"149":1,"150":2,"151":2,"152":1,"153":1,"154":1,"155":1,"156":2,"157":2,"158":1,"159":1,"160":2,"161":2,"162":1,"163":1,"164":1,"165":2,"166":2,"167":1,"168":1,"169":2,"170":1,"171":1,"172":1,"173":1,"174":1,"175":1,"176":1,"177":1,"178":1,"179":1,"180":1,"181":1,"182":1,"183":0,"184":0,"185":0,"186":0,"187":0,"188":0,"189":0,"190":0,"191":1,"192":1,"193":1,"194":1,"195":1,"196":1,"197":1,"198":1,"199":1,"200":1,"201":1,"202":1},"branchMap":{"0":{"type":"branch","line":84,"loc":{"start":{"line":84,"column":21},"end":{"line":86,"column":5}},"locations":[{"start":{"line":84,"column":21},"end":{"line":86,"column":5}}]},"1":{"type":"branch","line":88,"loc":{"start":{"line":88,"column":17},"end":{"line":171,"column":3}},"locations":[{"start":{"line":88,"column":17},"end":{"line":171,"column":3}}]},"2":{"type":"branch","line":109,"loc":{"start":{"line":109,"column":40},"end":{"line":113,"column":7}},"locations":[{"start":{"line":109,"column":40},"end":{"line":113,"column":7}}]},"3":{"type":"branch","line":114,"loc":{"start":{"line":114,"column":42},"end":{"line":118,"column":7}},"locations":[{"start":{"line":114,"column":42},"end":{"line":118,"column":7}}]},"4":{"type":"branch","line":119,"loc":{"start":{"line":119,"column":41},"end":{"line":124,"column":7}},"locations":[{"start":{"line":119,"column":41},"end":{"line":124,"column":7}}]},"5":{"type":"branch","line":122,"loc":{"start":{"line":122,"column":30},"end":{"line":122,"column":66}},"locations":[{"start":{"line":122,"column":30},"end":{"line":122,"column":66}}]},"6":{"type":"branch","line":125,"loc":{"start":{"line":125,"column":41},"end":{"line":128,"column":7}},"locations":[{"start":{"line":125,"column":41},"end":{"line":128,"column":7}}]},"7":{"type":"branch","line":129,"loc":{"start":{"line":129,"column":43},"end":{"line":134,"column":7}},"locations":[{"start":{"line":129,"column":43},"end":{"line":134,"column":7}}]},"8":{"type":"branch","line":135,"loc":{"start":{"line":135,"column":42},"end":{"line":140,"column":7}},"locations":[{"start":{"line":135,"column":42},"end":{"line":140,"column":7}}]},"9":{"type":"branch","line":138,"loc":{"start":{"line":138,"column":30},"end":{"line":138,"column":64}},"locations":[{"start":{"line":138,"column":30},"end":{"line":138,"column":64}}]},"10":{"type":"branch","line":141,"loc":{"start":{"line":141,"column":42},"end":{"line":144,"column":7}},"locations":[{"start":{"line":141,"column":42},"end":{"line":144,"column":7}}]},"11":{"type":"branch","line":145,"loc":{"start":{"line":145,"column":44},"end":{"line":151,"column":7}},"locations":[{"start":{"line":145,"column":44},"end":{"line":151,"column":7}}]},"12":{"type":"branch","line":152,"loc":{"start":{"line":152,"column":43},"end":{"line":157,"column":7}},"locations":[{"start":{"line":152,"column":43},"end":{"line":157,"column":7}}]},"13":{"type":"branch","line":156,"loc":{"start":{"line":156,"column":30},"end":{"line":156,"column":65}},"locations":[{"start":{"line":156,"column":30},"end":{"line":156,"column":65}}]},"14":{"type":"branch","line":158,"loc":{"start":{"line":158,"column":42},"end":{"line":161,"column":7}},"locations":[{"start":{"line":158,"column":42},"end":{"line":161,"column":7}}]},"15":{"type":"branch","line":162,"loc":{"start":{"line":162,"column":44},"end":{"line":166,"column":7}},"locations":[{"start":{"line":162,"column":44},"end":{"line":166,"column":7}}]},"16":{"type":"branch","line":167,"loc":{"start":{"line":167,"column":43},"end":{"line":170,"column":7}},"locations":[{"start":{"line":167,"column":43},"end":{"line":170,"column":7}}]},"17":{"type":"branch","line":168,"loc":{"start":{"line":168,"column":46},"end":{"line":168,"column":79}},"locations":[{"start":{"line":168,"column":46},"end":{"line":168,"column":79}}]}},"b":{"0":[1],"1":[2],"2":[1],"3":[1],"4":[1],"5":[0],"6":[1],"7":[1],"8":[1],"9":[0],"10":[1],"11":[1],"12":[1],"13":[0],"14":[1],"15":[1],"16":[1],"17":[0]},"fnMap":{"0":{"name":"setAuthVerified","decl":{"start":{"line":84,"column":21},"end":{"line":86,"column":5}},"loc":{"start":{"line":84,"column":21},"end":{"line":86,"column":5}},"line":84},"1":{"name":"extraReducers","decl":{"start":{"line":88,"column":17},"end":{"line":171,"column":3}},"loc":{"start":{"line":88,"column":17},"end":{"line":171,"column":3}},"line":88},"2":{"name":"selectUser","decl":{"start":{"line":173,"column":16},"end":{"line":173,"column":32}},"loc":{"start":{"line":173,"column":16},"end":{"line":173,"column":32}},"line":173},"3":{"name":"selectIsAuthenticated","decl":{"start":{"line":174,"column":27},"end":{"line":174,"column":43}},"loc":{"start":{"line":174,"column":27},"end":{"line":174,"column":43}},"line":174},"4":{"name":"selectLoginUserError","decl":{"start":{"line":175,"column":26},"end":{"line":175,"column":42}},"loc":{"start":{"line":175,"column":26},"end":{"line":175,"column":42}},"line":175},"5":{"name":"selectIsAuthChecked","decl":{"start":{"line":176,"column":25},"end":{"line":176,"column":41}},"loc":{"start":{"line":176,"column":25},"end":{"line":176,"column":41}},"line":176},"6":{"name":"selectloginUserRequest","decl":{"start":{"line":177,"column":28},"end":{"line":177,"column":44}},"loc":{"start":{"line":177,"column":28},"end":{"line":177,"column":44}},"line":177}},"f":{"0":1,"1":2,"2":0,"3":0,"4":0,"5":0,"6":0}}
,"/home/maryam/Desktop/ff/Stellar_Burgers-review/src/services/slices/UserOrdersHistory.ts": {"path":"/home/maryam/Desktop/ff/Stellar_Burgers-review/src/services/slices/UserOrdersHistory.ts","all":false,"statementMap":{"0":{"start":{"line":1,"column":0},"end":{"line":1,"column":65}},"1":{"start":{"line":2,"column":0},"end":{"line":2,"column":8}},"2":{"start":{"line":3,"column":0},"end":{"line":3,"column":21}},"3":{"start":{"line":4,"column":0},"end":{"line":4,"column":23}},"4":{"start":{"line":5,"column":0},"end":{"line":5,"column":32}},"5":{"start":{"line":6,"column":0},"end":{"line":6,"column":43}},"6":{"start":{"line":7,"column":0},"end":{"line":7,"column":0}},"7":{"start":{"line":8,"column":0},"end":{"line":8,"column":35}},"8":{"start":{"line":9,"column":0},"end":{"line":9,"column":19}},"9":{"start":{"line":10,"column":0},"end":{"line":10,"column":19}},"10":{"start":{"line":11,"column":0},"end":{"line":11,"column":35}},"11":{"start":{"line":12,"column":0},"end":{"line":12,"column":2}},"12":{"start":{"line":13,"column":0},"end":{"line":13,"column":0}},"13":{"start":{"line":14,"column":0},"end":{"line":14,"column":43}},"14":{"start":{"line":15,"column":0},"end":{"line":15,"column":13}},"15":{"start":{"line":16,"column":0},"end":{"line":16,"column":17}},"16":{"start":{"line":17,"column":0},"end":{"line":17,"column":13}},"17":{"start":{"line":18,"column":0},"end":{"line":18,"column":2}},"18":{"start":{"line":19,"column":0},"end":{"line":19,"column":0}},"19":{"start":{"line":20,"column":0},"end":{"line":20,"column":46}},"20":{"start":{"line":21,"column":0},"end":{"line":21,"column":22}},"21":{"start":{"line":22,"column":0},"end":{"line":22,"column":20}},"22":{"start":{"line":23,"column":0},"end":{"line":23,"column":2}},"23":{"start":{"line":24,"column":0},"end":{"line":24,"column":0}},"24":{"start":{"line":25,"column":0},"end":{"line":25,"column":51}},"25":{"start":{"line":26,"column":0},"end":{"line":26,"column":24}},"26":{"start":{"line":27,"column":0},"end":{"line":27,"column":15}},"27":{"start":{"line":28,"column":0},"end":{"line":28,"column":15}},"28":{"start":{"line":29,"column":0},"end":{"line":29,"column":31}},"29":{"start":{"line":30,"column":0},"end":{"line":30,"column":11}},"30":{"start":{"line":31,"column":0},"end":{"line":31,"column":50}},"31":{"start":{"line":32,"column":0},"end":{"line":32,"column":53}},"32":{"start":{"line":33,"column":0},"end":{"line":33,"column":8}},"33":{"start":{"line":34,"column":0},"end":{"line":34,"column":60}},"34":{"start":{"line":35,"column":0},"end":{"line":35,"column":40}},"35":{"start":{"line":36,"column":0},"end":{"line":36,"column":34}},"36":{"start":{"line":37,"column":0},"end":{"line":37,"column":31}},"37":{"start":{"line":38,"column":0},"end":{"line":38,"column":8}},"38":{"start":{"line":39,"column":0},"end":{"line":39,"column":59}},"39":{"start":{"line":40,"column":0},"end":{"line":40,"column":71}},"40":{"start":{"line":41,"column":0},"end":{"line":41,"column":34}},"41":{"start":{"line":42,"column":0},"end":{"line":42,"column":9}},"42":{"start":{"line":43,"column":0},"end":{"line":43,"column":4}},"43":{"start":{"line":44,"column":0},"end":{"line":44,"column":14}},"44":{"start":{"line":45,"column":0},"end":{"line":45,"column":50}},"45":{"start":{"line":46,"column":0},"end":{"line":46,"column":54}},"46":{"start":{"line":47,"column":0},"end":{"line":47,"column":50}},"47":{"start":{"line":48,"column":0},"end":{"line":48,"column":3}},"48":{"start":{"line":49,"column":0},"end":{"line":49,"column":3}},"49":{"start":{"line":50,"column":0},"end":{"line":50,"column":0}},"50":{"start":{"line":51,"column":0},"end":{"line":51,"column":38}},"51":{"start":{"line":52,"column":0},"end":{"line":52,"column":0}},"52":{"start":{"line":53,"column":0},"end":{"line":53,"column":14}},"53":{"start":{"line":54,"column":0},"end":{"line":54,"column":23}},"54":{"start":{"line":55,"column":0},"end":{"line":55,"column":28}},"55":{"start":{"line":56,"column":0},"end":{"line":56,"column":22}},"56":{"start":{"line":57,"column":0},"end":{"line":57,"column":37}}},"s":{"0":1,"1":1,"2":1,"3":1,"4":1,"5":1,"6":1,"7":1,"8":1,"9":1,"10":1,"11":1,"12":1,"13":1,"14":1,"15":1,"16":1,"17":1,"18":1,"19":1,"20":1,"21":1,"22":1,"23":1,"24":1,"25":1,"26":1,"27":1,"28":1,"29":2,"30":2,"31":1,"32":2,"33":2,"34":1,"35":1,"36":1,"37":2,"38":2,"39":1,"40":1,"41":2,"42":1,"43":1,"44":1,"45":1,"46":1,"47":1,"48":1,"49":1,"50":1,"51":1,"52":1,"53":1,"54":1,"55":1,"56":1},"branchMap":{"0":{"type":"branch","line":29,"loc":{"start":{"line":29,"column":17},"end":{"line":43,"column":3}},"locations":[{"start":{"line":29,"column":17},"end":{"line":43,"column":3}}]},"1":{"type":"branch","line":31,"loc":{"start":{"line":31,"column":38},"end":{"line":33,"column":7}},"locations":[{"start":{"line":31,"column":38},"end":{"line":33,"column":7}}]},"2":{"type":"branch","line":34,"loc":{"start":{"line":34,"column":40},"end":{"line":38,"column":7}},"locations":[{"start":{"line":34,"column":40},"end":{"line":38,"column":7}}]},"3":{"type":"branch","line":39,"loc":{"start":{"line":39,"column":39},"end":{"line":42,"column":7}},"locations":[{"start":{"line":39,"column":39},"end":{"line":42,"column":7}}]},"4":{"type":"branch","line":40,"loc":{"start":{"line":40,"column":43},"end":{"line":40,"column":69}},"locations":[{"start":{"line":40,"column":43},"end":{"line":40,"column":69}}]}},"b":{"0":[2],"1":[1],"2":[1],"3":[1],"4":[0]},"fnMap":{"0":{"name":"extraReducers","decl":{"start":{"line":29,"column":17},"end":{"line":43,"column":3}},"loc":{"start":{"line":29,"column":17},"end":{"line":43,"column":3}},"line":29},"1":{"name":"getUserOrdersHistory","decl":{"start":{"line":45,"column":26},"end":{"line":45,"column":42}},"loc":{"start":{"line":45,"column":26},"end":{"line":45,"column":42}},"line":45},"2":{"name":"getUserOrdersHistoryError","decl":{"start":{"line":46,"column":31},"end":{"line":46,"column":47}},"loc":{"start":{"line":46,"column":31},"end":{"line":46,"column":47}},"line":46},"3":{"name":"getUserOrdersLoading","decl":{"start":{"line":47,"column":26},"end":{"line":47,"column":42}},"loc":{"start":{"line":47,"column":26},"end":{"line":47,"column":42}},"line":47}},"f":{"0":2,"1":0,"2":0,"3":0}}
,"/home/maryam/Desktop/ff/Stellar_Burgers-review/src/utils/burger-api.ts": {"path":"/home/maryam/Desktop/ff/Stellar_Burgers-review/src/utils/burger-api.ts","all":false,"statementMap":{"0":{"start":{"line":1,"column":0},"end":{"line":1,"column":51}},"1":{"start":{"line":2,"column":0},"end":{"line":2,"column":66}},"2":{"start":{"line":3,"column":0},"end":{"line":3,"column":0}},"3":{"start":{"line":4,"column":0},"end":{"line":4,"column":20}},"4":{"start":{"line":5,"column":0},"end":{"line":5,"column":41}},"5":{"start":{"line":6,"column":0},"end":{"line":6,"column":42}},"6":{"start":{"line":7,"column":0},"end":{"line":7,"column":0}},"7":{"start":{"line":8,"column":0},"end":{"line":8,"column":63}},"8":{"start":{"line":9,"column":0},"end":{"line":9,"column":13}},"9":{"start":{"line":10,"column":0},"end":{"line":10,"column":21}},"10":{"start":{"line":11,"column":0},"end":{"line":11,"column":61}},"11":{"start":{"line":12,"column":0},"end":{"line":12,"column":0}},"12":{"start":{"line":13,"column":0},"end":{"line":13,"column":24}},"13":{"start":{"line":14,"column":0},"end":{"line":14,"column":19}},"14":{"start":{"line":15,"column":0},"end":{"line":15,"column":6}},"15":{"start":{"line":16,"column":0},"end":{"line":16,"column":0}},"16":{"start":{"line":17,"column":0},"end":{"line":17,"column":43}},"17":{"start":{"line":18,"column":0},"end":{"line":18,"column":23}},"18":{"start":{"line":19,"column":0},"end":{"line":19,"column":22}},"19":{"start":{"line":20,"column":0},"end":{"line":20,"column":3}},"20":{"start":{"line":21,"column":0},"end":{"line":21,"column":0}},"21":{"start":{"line":22,"column":0},"end":{"line":22,"column":71}},"22":{"start":{"line":23,"column":0},"end":{"line":23,"column":39}},"23":{"start":{"line":24,"column":0},"end":{"line":24,"column":19}},"24":{"start":{"line":25,"column":0},"end":{"line":25,"column":14}},"25":{"start":{"line":26,"column":0},"end":{"line":26,"column":54}},"26":{"start":{"line":27,"column":0},"end":{"line":27,"column":6}},"27":{"start":{"line":28,"column":0},"end":{"line":28,"column":26}},"28":{"start":{"line":29,"column":0},"end":{"line":29,"column":49}},"29":{"start":{"line":30,"column":0},"end":{"line":30,"column":6}},"30":{"start":{"line":31,"column":0},"end":{"line":31,"column":4}},"31":{"start":{"line":32,"column":0},"end":{"line":32,"column":74}},"32":{"start":{"line":33,"column":0},"end":{"line":33,"column":26}},"33":{"start":{"line":34,"column":0},"end":{"line":34,"column":31}},"34":{"start":{"line":35,"column":0},"end":{"line":35,"column":41}},"35":{"start":{"line":36,"column":0},"end":{"line":36,"column":7}},"36":{"start":{"line":37,"column":0},"end":{"line":37,"column":67}},"37":{"start":{"line":38,"column":0},"end":{"line":38,"column":56}},"38":{"start":{"line":39,"column":0},"end":{"line":39,"column":23}},"39":{"start":{"line":40,"column":0},"end":{"line":40,"column":7}},"40":{"start":{"line":41,"column":0},"end":{"line":41,"column":0}},"41":{"start":{"line":42,"column":0},"end":{"line":42,"column":52}},"42":{"start":{"line":43,"column":0},"end":{"line":43,"column":19}},"43":{"start":{"line":44,"column":0},"end":{"line":44,"column":22}},"44":{"start":{"line":45,"column":0},"end":{"line":45,"column":6}},"45":{"start":{"line":46,"column":0},"end":{"line":46,"column":7}},"46":{"start":{"line":47,"column":0},"end":{"line":47,"column":47}},"47":{"start":{"line":48,"column":0},"end":{"line":48,"column":47}},"48":{"start":{"line":49,"column":0},"end":{"line":49,"column":19}},"49":{"start":{"line":50,"column":0},"end":{"line":50,"column":67}},"50":{"start":{"line":51,"column":0},"end":{"line":51,"column":51}},"51":{"start":{"line":52,"column":0},"end":{"line":52,"column":28}},"52":{"start":{"line":53,"column":0},"end":{"line":53,"column":70}},"53":{"start":{"line":54,"column":0},"end":{"line":54,"column":32}},"54":{"start":{"line":55,"column":0},"end":{"line":55,"column":7}},"55":{"start":{"line":56,"column":0},"end":{"line":56,"column":49}},"56":{"start":{"line":57,"column":0},"end":{"line":57,"column":49}},"57":{"start":{"line":58,"column":0},"end":{"line":58,"column":12}},"58":{"start":{"line":59,"column":0},"end":{"line":59,"column":35}},"59":{"start":{"line":60,"column":0},"end":{"line":60,"column":5}},"60":{"start":{"line":61,"column":0},"end":{"line":61,"column":3}},"61":{"start":{"line":62,"column":0},"end":{"line":62,"column":2}},"62":{"start":{"line":63,"column":0},"end":{"line":63,"column":0}},"63":{"start":{"line":64,"column":0},"end":{"line":64,"column":45}},"64":{"start":{"line":65,"column":0},"end":{"line":65,"column":22}},"65":{"start":{"line":66,"column":0},"end":{"line":66,"column":3}},"66":{"start":{"line":67,"column":0},"end":{"line":67,"column":0}},"67":{"start":{"line":68,"column":0},"end":{"line":68,"column":38}},"68":{"start":{"line":69,"column":0},"end":{"line":69,"column":19}},"69":{"start":{"line":70,"column":0},"end":{"line":70,"column":16}},"70":{"start":{"line":71,"column":0},"end":{"line":71,"column":21}},"71":{"start":{"line":72,"column":0},"end":{"line":72,"column":3}},"72":{"start":{"line":73,"column":0},"end":{"line":73,"column":0}},"73":{"start":{"line":74,"column":0},"end":{"line":74,"column":40}},"74":{"start":{"line":75,"column":0},"end":{"line":75,"column":17}},"75":{"start":{"line":76,"column":0},"end":{"line":76,"column":3}},"76":{"start":{"line":77,"column":0},"end":{"line":77,"column":0}},"77":{"start":{"line":78,"column":0},"end":{"line":78,"column":40}},"78":{"start":{"line":79,"column":0},"end":{"line":79,"column":38}},"79":{"start":{"line":80,"column":0},"end":{"line":80,"column":76}},"80":{"start":{"line":81,"column":0},"end":{"line":81,"column":21}},"81":{"start":{"line":82,"column":0},"end":{"line":82,"column":42}},"82":{"start":{"line":83,"column":0},"end":{"line":83,"column":34}},"83":{"start":{"line":84,"column":0},"end":{"line":84,"column":7}},"84":{"start":{"line":85,"column":0},"end":{"line":85,"column":0}},"85":{"start":{"line":86,"column":0},"end":{"line":86,"column":33}},"86":{"start":{"line":87,"column":0},"end":{"line":87,"column":37}},"87":{"start":{"line":88,"column":0},"end":{"line":88,"column":69}},"88":{"start":{"line":89,"column":0},"end":{"line":89,"column":21}},"89":{"start":{"line":90,"column":0},"end":{"line":90,"column":37}},"90":{"start":{"line":91,"column":0},"end":{"line":91,"column":34}},"91":{"start":{"line":92,"column":0},"end":{"line":92,"column":7}},"92":{"start":{"line":93,"column":0},"end":{"line":93,"column":0}},"93":{"start":{"line":94,"column":0},"end":{"line":94,"column":39}},"94":{"start":{"line":95,"column":0},"end":{"line":95,"column":74}},"95":{"start":{"line":96,"column":0},"end":{"line":96,"column":18}},"96":{"start":{"line":97,"column":0},"end":{"line":97,"column":14}},"97":{"start":{"line":98,"column":0},"end":{"line":98,"column":55}},"98":{"start":{"line":99,"column":0},"end":{"line":99,"column":46}},"99":{"start":{"line":100,"column":0},"end":{"line":100,"column":20}},"100":{"start":{"line":101,"column":0},"end":{"line":101,"column":21}},"101":{"start":{"line":102,"column":0},"end":{"line":102,"column":42}},"102":{"start":{"line":103,"column":0},"end":{"line":103,"column":32}},"103":{"start":{"line":104,"column":0},"end":{"line":104,"column":5}},"104":{"start":{"line":105,"column":0},"end":{"line":105,"column":0}},"105":{"start":{"line":106,"column":0},"end":{"line":106,"column":42}},"106":{"start":{"line":107,"column":0},"end":{"line":107,"column":16}},"107":{"start":{"line":108,"column":0},"end":{"line":108,"column":15}},"108":{"start":{"line":109,"column":0},"end":{"line":109,"column":3}},"109":{"start":{"line":110,"column":0},"end":{"line":110,"column":0}},"110":{"start":{"line":111,"column":0},"end":{"line":111,"column":56}},"111":{"start":{"line":112,"column":0},"end":{"line":112,"column":78}},"112":{"start":{"line":113,"column":0},"end":{"line":113,"column":19}},"113":{"start":{"line":114,"column":0},"end":{"line":114,"column":14}},"114":{"start":{"line":115,"column":0},"end":{"line":115,"column":55}},"115":{"start":{"line":116,"column":0},"end":{"line":116,"column":46}},"116":{"start":{"line":117,"column":0},"end":{"line":117,"column":21}},"117":{"start":{"line":118,"column":0},"end":{"line":118,"column":26}},"118":{"start":{"line":119,"column":0},"end":{"line":119,"column":30}},"119":{"start":{"line":120,"column":0},"end":{"line":120,"column":6}},"120":{"start":{"line":121,"column":0},"end":{"line":121,"column":21}},"121":{"start":{"line":122,"column":0},"end":{"line":122,"column":35}},"122":{"start":{"line":123,"column":0},"end":{"line":123,"column":32}},"123":{"start":{"line":124,"column":0},"end":{"line":124,"column":5}},"124":{"start":{"line":125,"column":0},"end":{"line":125,"column":0}},"125":{"start":{"line":126,"column":0},"end":{"line":126,"column":44}},"126":{"start":{"line":127,"column":0},"end":{"line":127,"column":19}},"127":{"start":{"line":128,"column":0},"end":{"line":128,"column":3}},"128":{"start":{"line":129,"column":0},"end":{"line":129,"column":0}},"129":{"start":{"line":130,"column":0},"end":{"line":130,"column":61}},"130":{"start":{"line":131,"column":0},"end":{"line":131,"column":50}},"131":{"start":{"line":132,"column":0},"end":{"line":132,"column":18}},"132":{"start":{"line":133,"column":0},"end":{"line":133,"column":14}},"133":{"start":{"line":134,"column":0},"end":{"line":134,"column":40}},"134":{"start":{"line":135,"column":0},"end":{"line":135,"column":5}},"135":{"start":{"line":136,"column":0},"end":{"line":136,"column":4}},"136":{"start":{"line":137,"column":0},"end":{"line":137,"column":75}},"137":{"start":{"line":138,"column":0},"end":{"line":138,"column":21}},"138":{"start":{"line":139,"column":0},"end":{"line":139,"column":37}},"139":{"start":{"line":140,"column":0},"end":{"line":140,"column":34}},"140":{"start":{"line":141,"column":0},"end":{"line":141,"column":7}},"141":{"start":{"line":142,"column":0},"end":{"line":142,"column":0}},"142":{"start":{"line":143,"column":0},"end":{"line":143,"column":27}},"143":{"start":{"line":144,"column":0},"end":{"line":144,"column":16}},"144":{"start":{"line":145,"column":0},"end":{"line":145,"column":15}},"145":{"start":{"line":146,"column":0},"end":{"line":146,"column":19}},"146":{"start":{"line":147,"column":0},"end":{"line":147,"column":2}},"147":{"start":{"line":148,"column":0},"end":{"line":148,"column":0}},"148":{"start":{"line":149,"column":0},"end":{"line":149,"column":38}},"149":{"start":{"line":150,"column":0},"end":{"line":150,"column":23}},"150":{"start":{"line":151,"column":0},"end":{"line":151,"column":22}},"151":{"start":{"line":152,"column":0},"end":{"line":152,"column":14}},"152":{"start":{"line":153,"column":0},"end":{"line":153,"column":3}},"153":{"start":{"line":154,"column":0},"end":{"line":154,"column":0}},"154":{"start":{"line":155,"column":0},"end":{"line":155,"column":55}},"155":{"start":{"line":156,"column":0},"end":{"line":156,"column":42}},"156":{"start":{"line":157,"column":0},"end":{"line":157,"column":19}},"157":{"start":{"line":158,"column":0},"end":{"line":158,"column":14}},"158":{"start":{"line":159,"column":0},"end":{"line":159,"column":54}},"159":{"start":{"line":160,"column":0},"end":{"line":160,"column":6}},"160":{"start":{"line":161,"column":0},"end":{"line":161,"column":34}},"161":{"start":{"line":162,"column":0},"end":{"line":162,"column":4}},"162":{"start":{"line":163,"column":0},"end":{"line":163,"column":69}},"163":{"start":{"line":164,"column":0},"end":{"line":164,"column":21}},"164":{"start":{"line":165,"column":0},"end":{"line":165,"column":37}},"165":{"start":{"line":166,"column":0},"end":{"line":166,"column":34}},"166":{"start":{"line":167,"column":0},"end":{"line":167,"column":7}},"167":{"start":{"line":168,"column":0},"end":{"line":168,"column":0}},"168":{"start":{"line":169,"column":0},"end":{"line":169,"column":27}},"169":{"start":{"line":170,"column":0},"end":{"line":170,"column":16}},"170":{"start":{"line":171,"column":0},"end":{"line":171,"column":19}},"171":{"start":{"line":172,"column":0},"end":{"line":172,"column":2}},"172":{"start":{"line":173,"column":0},"end":{"line":173,"column":0}},"173":{"start":{"line":174,"column":0},"end":{"line":174,"column":58}},"174":{"start":{"line":175,"column":0},"end":{"line":175,"column":39}},"175":{"start":{"line":176,"column":0},"end":{"line":176,"column":19}},"176":{"start":{"line":177,"column":0},"end":{"line":177,"column":14}},"177":{"start":{"line":178,"column":0},"end":{"line":178,"column":54}},"178":{"start":{"line":179,"column":0},"end":{"line":179,"column":6}},"179":{"start":{"line":180,"column":0},"end":{"line":180,"column":37}},"180":{"start":{"line":181,"column":0},"end":{"line":181,"column":4}},"181":{"start":{"line":182,"column":0},"end":{"line":182,"column":69}},"182":{"start":{"line":183,"column":0},"end":{"line":183,"column":21}},"183":{"start":{"line":184,"column":0},"end":{"line":184,"column":37}},"184":{"start":{"line":185,"column":0},"end":{"line":185,"column":34}},"185":{"start":{"line":186,"column":0},"end":{"line":186,"column":7}},"186":{"start":{"line":187,"column":0},"end":{"line":187,"column":0}},"187":{"start":{"line":188,"column":0},"end":{"line":188,"column":72}},"188":{"start":{"line":189,"column":0},"end":{"line":189,"column":43}},"189":{"start":{"line":190,"column":0},"end":{"line":190,"column":19}},"190":{"start":{"line":191,"column":0},"end":{"line":191,"column":14}},"191":{"start":{"line":192,"column":0},"end":{"line":192,"column":54}},"192":{"start":{"line":193,"column":0},"end":{"line":193,"column":6}},"193":{"start":{"line":194,"column":0},"end":{"line":194,"column":35}},"194":{"start":{"line":195,"column":0},"end":{"line":195,"column":4}},"195":{"start":{"line":196,"column":0},"end":{"line":196,"column":69}},"196":{"start":{"line":197,"column":0},"end":{"line":197,"column":21}},"197":{"start":{"line":198,"column":0},"end":{"line":198,"column":37}},"198":{"start":{"line":199,"column":0},"end":{"line":199,"column":34}},"199":{"start":{"line":200,"column":0},"end":{"line":200,"column":7}},"200":{"start":{"line":201,"column":0},"end":{"line":201,"column":0}},"201":{"start":{"line":202,"column":0},"end":{"line":202,"column":52}},"202":{"start":{"line":203,"column":0},"end":{"line":203,"column":19}},"203":{"start":{"line":204,"column":0},"end":{"line":204,"column":16}},"204":{"start":{"line":205,"column":0},"end":{"line":205,"column":5}},"205":{"start":{"line":206,"column":0},"end":{"line":206,"column":49}},"206":{"start":{"line":207,"column":0},"end":{"line":207,"column":19}},"207":{"start":{"line":208,"column":0},"end":{"line":208,"column":14}},"208":{"start":{"line":209,"column":0},"end":{"line":209,"column":54}},"209":{"start":{"line":210,"column":0},"end":{"line":210,"column":6}},"210":{"start":{"line":211,"column":0},"end":{"line":211,"column":35}},"211":{"start":{"line":212,"column":0},"end":{"line":212,"column":4}},"212":{"start":{"line":213,"column":0},"end":{"line":213,"column":69}},"213":{"start":{"line":214,"column":0},"end":{"line":214,"column":21}},"214":{"start":{"line":215,"column":0},"end":{"line":215,"column":37}},"215":{"start":{"line":216,"column":0},"end":{"line":216,"column":34}},"216":{"start":{"line":217,"column":0},"end":{"line":217,"column":7}},"217":{"start":{"line":218,"column":0},"end":{"line":218,"column":0}},"218":{"start":{"line":219,"column":0},"end":{"line":219,"column":54}},"219":{"start":{"line":220,"column":0},"end":{"line":220,"column":0}},"220":{"start":{"line":221,"column":0},"end":{"line":221,"column":40}},"221":{"start":{"line":222,"column":0},"end":{"line":222,"column":77}},"222":{"start":{"line":223,"column":0},"end":{"line":223,"column":18}},"223":{"start":{"line":224,"column":0},"end":{"line":224,"column":14}},"224":{"start":{"line":225,"column":0},"end":{"line":225,"column":55}},"225":{"start":{"line":226,"column":0},"end":{"line":226,"column":46}},"226":{"start":{"line":227,"column":0},"end":{"line":227,"column":20}},"227":{"start":{"line":228,"column":0},"end":{"line":228,"column":21}},"228":{"start":{"line":229,"column":0},"end":{"line":229,"column":40}},"229":{"start":{"line":230,"column":0},"end":{"line":230,"column":32}},"230":{"start":{"line":231,"column":0},"end":{"line":231,"column":5}},"231":{"start":{"line":232,"column":0},"end":{"line":232,"column":0}},"232":{"start":{"line":233,"column":0},"end":{"line":233,"column":74}},"233":{"start":{"line":234,"column":0},"end":{"line":234,"column":77}},"234":{"start":{"line":235,"column":0},"end":{"line":235,"column":20}},"235":{"start":{"line":236,"column":0},"end":{"line":236,"column":14}},"236":{"start":{"line":237,"column":0},"end":{"line":237,"column":55}},"237":{"start":{"line":238,"column":0},"end":{"line":238,"column":46}},"238":{"start":{"line":239,"column":0},"end":{"line":239,"column":21}},"239":{"start":{"line":240,"column":0},"end":{"line":240,"column":37}},"240":{"start":{"line":241,"column":0},"end":{"line":241,"column":21}},"241":{"start":{"line":242,"column":0},"end":{"line":242,"column":40}},"242":{"start":{"line":243,"column":0},"end":{"line":243,"column":32}},"243":{"start":{"line":244,"column":0},"end":{"line":244,"column":5}},"244":{"start":{"line":245,"column":0},"end":{"line":245,"column":0}},"245":{"start":{"line":246,"column":0},"end":{"line":246,"column":35}},"246":{"start":{"line":247,"column":0},"end":{"line":247,"column":40}},"247":{"start":{"line":248,"column":0},"end":{"line":248,"column":19}},"248":{"start":{"line":249,"column":0},"end":{"line":249,"column":14}},"249":{"start":{"line":250,"column":0},"end":{"line":250,"column":54}},"250":{"start":{"line":251,"column":0},"end":{"line":251,"column":6}},"251":{"start":{"line":252,"column":0},"end":{"line":252,"column":26}},"252":{"start":{"line":253,"column":0},"end":{"line":253,"column":49}},"253":{"start":{"line":254,"column":0},"end":{"line":254,"column":6}},"254":{"start":{"line":255,"column":0},"end":{"line":255,"column":4}},"255":{"start":{"line":256,"column":0},"end":{"line":256,"column":69}},"256":{"start":{"line":257,"column":0},"end":{"line":257,"column":21}},"257":{"start":{"line":258,"column":0},"end":{"line":258,"column":37}},"258":{"start":{"line":259,"column":0},"end":{"line":259,"column":34}},"259":{"start":{"line":260,"column":0},"end":{"line":260,"column":7}}},"s":{"0":1,"1":1,"2":1,"3":1,"4":1,"5":1,"6":1,"7":1,"8":0,"9":0,"10":0,"11":1,"12":1,"13":1,"14":1,"15":1,"16":1,"17":1,"18":1,"19":1,"20":1,"21":1,"22":0,"23":0,"24":0,"25":0,"26":0,"27":0,"28":0,"29":0,"30":0,"31":0,"32":0,"33":0,"34":0,"35":0,"36":0,"37":0,"38":0,"39":0,"40":1,"41":1,"42":0,"43":0,"44":0,"45":0,"46":0,"47":0,"48":0,"49":0,"50":0,"51":0,"52":0,"53":0,"54":0,"55":0,"56":0,"57":0,"58":0,"59":0,"60":0,"61":0,"62":1,"63":1,"64":1,"65":1,"66":1,"67":1,"68":1,"69":1,"70":1,"71":1,"72":1,"73":1,"74":1,"75":1,"76":1,"77":1,"78":0,"79":0,"80":0,"81":0,"82":0,"83":0,"84":1,"85":1,"86":0,"87":0,"88":0,"89":0,"90":0,"91":0,"92":1,"93":1,"94":0,"95":0,"96":0,"97":0,"98":0,"99":0,"100":0,"101":0,"102":0,"103":0,"104":1,"105":1,"106":1,"107":1,"108":1,"109":1,"110":1,"111":0,"112":0,"113":0,"114":0,"115":0,"116":0,"117":0,"118":0,"119":0,"120":0,"121":0,"122":0,"123":0,"124":1,"125":1,"126":1,"127":1,"128":1,"129":1,"130":0,"131":0,"132":0,"133":0,"134":0,"135":0,"136":0,"137":0,"138":0,"139":0,"140":0,"141":1,"142":1,"143":1,"144":1,"145":1,"146":1,"147":1,"148":1,"149":1,"150":1,"151":1,"152":1,"153":1,"154":1,"155":0,"156":0,"157":0,"158":0,"159":0,"160":0,"161":0,"162":0,"163":0,"164":0,"165":0,"166":0,"167":1,"168":1,"169":1,"170":1,"171":1,"172":1,"173":1,"174":0,"175":0,"176":0,"177":0,"178":0,"179":0,"180":0,"181":0,"182":0,"183":0,"184":0,"185":0,"186":1,"187":1,"188":0,"189":0,"190":0,"191":0,"192":0,"193":0,"194":0,"195":0,"196":0,"197":0,"198":0,"199":0,"200":1,"201":1,"202":0,"203":0,"204":0,"205":0,"206":0,"207":0,"208":0,"209":0,"210":0,"211":0,"212":0,"213":0,"214":0,"215":0,"216":0,"217":1,"218":1,"219":1,"220":1,"221":0,"222":0,"223":0,"224":0,"225":0,"226":0,"227":0,"228":0,"229":0,"230":0,"231":1,"232":1,"233":0,"234":0,"235":0,"236":0,"237":0,"238":0,"239":0,"240":0,"241":0,"242":0,"243":0,"244":1,"245":1,"246":0,"247":0,"248":0,"249":0,"250":0,"251":0,"252":0,"253":0,"254":0,"255":0,"256":0,"257":0,"258":0,"259":0},"branchMap":{},"b":{},"fnMap":{"0":{"name":"validateResponse","decl":{"start":{"line":8,"column":25},"end":{"line":11,"column":61}},"loc":{"start":{"line":8,"column":25},"end":{"line":11,"column":61}},"line":8},"1":{"name":"refreshAccessToken","decl":{"start":{"line":22,"column":34},"end":{"line":40,"column":7}},"loc":{"start":{"line":22,"column":34},"end":{"line":40,"column":7}},"line":22},"2":{"name":"apiRequestWithTokenRefresh","decl":{"start":{"line":42,"column":42},"end":{"line":62,"column":2}},"loc":{"start":{"line":42,"column":42},"end":{"line":62,"column":2}},"line":42},"3":{"name":"fetchIngredientsApi","decl":{"start":{"line":78,"column":35},"end":{"line":84,"column":7}},"loc":{"start":{"line":78,"column":35},"end":{"line":84,"column":7}},"line":78},"4":{"name":"fetchFeedApi","decl":{"start":{"line":86,"column":28},"end":{"line":92,"column":7}},"loc":{"start":{"line":86,"column":28},"end":{"line":92,"column":7}},"line":86},"5":{"name":"fetchUserOrdersApi","decl":{"start":{"line":94,"column":34},"end":{"line":104,"column":5}},"loc":{"start":{"line":94,"column":34},"end":{"line":104,"column":5}},"line":94},"6":{"name":"createOrderApi","decl":{"start":{"line":111,"column":30},"end":{"line":124,"column":5}},"loc":{"start":{"line":111,"column":30},"end":{"line":124,"column":5}},"line":111},"7":{"name":"fetchOrderByNumberApi","decl":{"start":{"line":130,"column":37},"end":{"line":141,"column":7}},"loc":{"start":{"line":130,"column":37},"end":{"line":141,"column":7}},"line":130},"8":{"name":"signUpUserApi","decl":{"start":{"line":155,"column":29},"end":{"line":167,"column":7}},"loc":{"start":{"line":155,"column":29},"end":{"line":167,"column":7}},"line":155},"9":{"name":"signInUserApi","decl":{"start":{"line":174,"column":29},"end":{"line":186,"column":7}},"loc":{"start":{"line":174,"column":29},"end":{"line":186,"column":7}},"line":174},"10":{"name":"requestPasswordResetApi","decl":{"start":{"line":188,"column":39},"end":{"line":200,"column":7}},"loc":{"start":{"line":188,"column":39},"end":{"line":200,"column":7}},"line":188},"11":{"name":"confirmPasswordResetApi","decl":{"start":{"line":202,"column":39},"end":{"line":217,"column":7}},"loc":{"start":{"line":202,"column":39},"end":{"line":217,"column":7}},"line":202},"12":{"name":"fetchUserProfileApi","decl":{"start":{"line":221,"column":35},"end":{"line":231,"column":5}},"loc":{"start":{"line":221,"column":35},"end":{"line":231,"column":5}},"line":221},"13":{"name":"updateUserProfileApi","decl":{"start":{"line":233,"column":36},"end":{"line":244,"column":5}},"loc":{"start":{"line":233,"column":36},"end":{"line":244,"column":5}},"line":233},"14":{"name":"signOutUserApi","decl":{"start":{"line":246,"column":30},"end":{"line":260,"column":7}},"loc":{"start":{"line":246,"column":30},"end":{"line":260,"column":7}},"line":246}},"f":{"0":0,"1":0,"2":0,"3":0,"4":0,"5":0,"6":0,"7":0,"8":0,"9":0,"10":0,"11":0,"12":0,"13":0,"14":0}}
,"/home/maryam/Desktop/ff/Stellar_Burgers-review/src/utils/cookie.ts": {"path":"/home/maryam/Desktop/ff/Stellar_Burgers-review/src/utils/cookie.ts","all":false,"statementMap":{"0":{"start":{"line":1,"column":0},"end":{"line":1,"column":68}},"1":{"start":{"line":2,"column":0},"end":{"line":2,"column":46}},"2":{"start":{"line":3,"column":0},"end":{"line":3,"column":15}},"3":{"start":{"line":4,"column":0},"end":{"line":4,"column":18}},"4":{"start":{"line":5,"column":0},"end":{"line":5,"column":53}},"5":{"start":{"line":6,"column":0},"end":{"line":6,"column":68}},"6":{"start":{"line":7,"column":0},"end":{"line":7,"column":18}},"7":{"start":{"line":8,"column":0},"end":{"line":8,"column":5}},"8":{"start":{"line":9,"column":0},"end":{"line":9,"column":4}},"9":{"start":{"line":10,"column":0},"end":{"line":10,"column":74}},"10":{"start":{"line":11,"column":0},"end":{"line":11,"column":1}},"11":{"start":{"line":12,"column":0},"end":{"line":12,"column":0}},"12":{"start":{"line":13,"column":0},"end":{"line":13,"column":28}},"13":{"start":{"line":14,"column":0},"end":{"line":14,"column":21}},"14":{"start":{"line":15,"column":0},"end":{"line":15,"column":22}},"15":{"start":{"line":16,"column":0},"end":{"line":16,"column":67}},"16":{"start":{"line":17,"column":0},"end":{"line":17,"column":3}},"17":{"start":{"line":18,"column":0},"end":{"line":18,"column":13}},"18":{"start":{"line":19,"column":0},"end":{"line":19,"column":14}},"19":{"start":{"line":20,"column":0},"end":{"line":20,"column":14}},"20":{"start":{"line":21,"column":0},"end":{"line":21,"column":4}},"21":{"start":{"line":22,"column":0},"end":{"line":22,"column":0}},"22":{"start":{"line":23,"column":0},"end":{"line":23,"column":39}},"23":{"start":{"line":24,"column":0},"end":{"line":24,"column":61}},"24":{"start":{"line":25,"column":0},"end":{"line":25,"column":35}},"25":{"start":{"line":26,"column":0},"end":{"line":26,"column":71}},"26":{"start":{"line":27,"column":0},"end":{"line":27,"column":51}},"27":{"start":{"line":28,"column":0},"end":{"line":28,"column":3}},"28":{"start":{"line":29,"column":0},"end":{"line":29,"column":0}},"29":{"start":{"line":30,"column":0},"end":{"line":30,"column":57}},"30":{"start":{"line":31,"column":0},"end":{"line":31,"column":51}},"31":{"start":{"line":32,"column":0},"end":{"line":32,"column":3}},"32":{"start":{"line":33,"column":0},"end":{"line":33,"column":48}},"33":{"start":{"line":34,"column":0},"end":{"line":34,"column":52}},"34":{"start":{"line":35,"column":0},"end":{"line":35,"column":37}},"35":{"start":{"line":36,"column":0},"end":{"line":36,"column":38}},"36":{"start":{"line":37,"column":0},"end":{"line":37,"column":44}},"37":{"start":{"line":38,"column":0},"end":{"line":38,"column":31}},"38":{"start":{"line":39,"column":0},"end":{"line":39,"column":40}},"39":{"start":{"line":40,"column":0},"end":{"line":40,"column":5}},"40":{"start":{"line":41,"column":0},"end":{"line":41,"column":3}},"41":{"start":{"line":42,"column":0},"end":{"line":42,"column":33}},"42":{"start":{"line":43,"column":0},"end":{"line":43,"column":1}},"43":{"start":{"line":44,"column":0},"end":{"line":44,"column":0}},"44":{"start":{"line":45,"column":0},"end":{"line":45,"column":50}},"45":{"start":{"line":46,"column":0},"end":{"line":46,"column":47}},"46":{"start":{"line":47,"column":0},"end":{"line":47,"column":1}}},"s":{"0":0,"1":0,"2":0,"3":0,"4":0,"5":0,"6":0,"7":0,"8":0,"9":0,"10":0,"11":1,"12":1,"13":1,"14":1,"15":1,"16":1,"17":1,"18":1,"19":1,"20":1,"21":1,"22":1,"23":1,"24":1,"25":1,"26":1,"27":1,"28":1,"29":1,"30":1,"31":1,"32":1,"33":1,"34":1,"35":2,"36":2,"37":2,"38":2,"39":2,"40":2,"41":1,"42":1,"43":1,"44":1,"45":1,"46":1},"branchMap":{"0":{"type":"branch","line":13,"loc":{"start":{"line":13,"column":0},"end":{"line":43,"column":1}},"locations":[{"start":{"line":13,"column":0},"end":{"line":43,"column":1}}]},"1":{"type":"branch","line":16,"loc":{"start":{"line":16,"column":2},"end":{"line":16,"column":67}},"locations":[{"start":{"line":16,"column":2},"end":{"line":16,"column":67}}]},"2":{"type":"branch","line":35,"loc":{"start":{"line":35,"column":36},"end":{"line":41,"column":3}},"locations":[{"start":{"line":35,"column":36},"end":{"line":41,"column":3}}]},"3":{"type":"branch","line":45,"loc":{"start":{"line":45,"column":0},"end":{"line":47,"column":1}},"locations":[{"start":{"line":45,"column":0},"end":{"line":47,"column":1}}]}},"b":{"0":[1],"1":[0],"2":[2],"3":[1]},"fnMap":{"0":{"name":"readCookie","decl":{"start":{"line":1,"column":0},"end":{"line":11,"column":1}},"loc":{"start":{"line":1,"column":0},"end":{"line":11,"column":1}},"line":1},"1":{"name":"writeCookie","decl":{"start":{"line":13,"column":0},"end":{"line":43,"column":1}},"loc":{"start":{"line":13,"column":0},"end":{"line":43,"column":1}},"line":13},"2":{"name":"removeCookie","decl":{"start":{"line":45,"column":0},"end":{"line":47,"column":1}},"loc":{"start":{"line":45,"column":0},"end":{"line":47,"column":1}},"line":45}},"f":{"0":0,"1":1,"2":1}}
}
