TN:
SF:src/services/store.ts
FN:37,useDispatch
FNF:1
FNH:0
FNDA:0,useDispatch
DA:1,1
DA:2,1
DA:3,1
DA:4,1
DA:5,1
DA:6,1
DA:7,1
DA:8,1
DA:9,1
DA:10,1
DA:11,1
DA:12,1
DA:13,1
DA:14,1
DA:15,1
DA:16,1
DA:17,1
DA:18,1
DA:19,1
DA:20,1
DA:21,1
DA:22,1
DA:23,1
DA:24,1
DA:25,1
DA:26,1
DA:27,1
DA:28,1
DA:29,1
DA:30,1
DA:31,1
DA:32,1
DA:33,1
DA:34,1
DA:35,1
DA:36,1
DA:37,1
DA:38,1
DA:39,1
DA:40,1
LF:40
LH:40
BRF:0
BRH:0
end_of_record
TN:
SF:src/services/slices/BurgerConstructorSlice.ts
FN:50,reducer
FN:57,prepare
FN:62,removeIngredient
FN:70,moveUpIngredient
FN:80,moveDownIngredient
FN:90,clearOrder
FN:92,extraReducers
FN:111,getConstructorItems
FN:112,getOrderRequest
FN:113,getOrderModalData
FN:114,getLoading
FN:115,getError
FNF:12
FNH:7
FNDA:2,reducer
FNDA:2,prepare
FNDA:1,removeIngredient
FNDA:1,moveUpIngredient
FNDA:1,moveDownIngredient
FNDA:1,clearOrder
FNDA:2,extraReducers
FNDA:0,getConstructorItems
FNDA:0,getOrderRequest
FNDA:0,getOrderModalData
FNDA:0,getLoading
FNDA:0,getError
DA:1,1
DA:2,1
DA:3,1
DA:4,1
DA:5,1
DA:6,1
DA:7,1
DA:8,1
DA:9,1
DA:10,1
DA:11,1
DA:12,1
DA:13,1
DA:14,1
DA:15,1
DA:16,1
DA:17,1
DA:18,1
DA:19,1
DA:20,1
DA:21,1
DA:22,1
DA:23,1
DA:24,1
DA:25,1
DA:26,1
DA:27,1
DA:28,1
DA:29,1
DA:30,1
DA:31,1
DA:32,1
DA:33,1
DA:34,1
DA:35,1
DA:36,1
DA:37,1
DA:38,1
DA:39,1
DA:40,0
DA:41,0
DA:42,0
DA:43,1
DA:44,1
DA:45,1
DA:46,1
DA:47,1
DA:48,1
DA:49,1
DA:50,1
DA:51,2
DA:52,1
DA:53,1
DA:54,1
DA:55,1
DA:56,1
DA:57,1
DA:58,2
DA:59,2
DA:60,2
DA:61,1
DA:62,1
DA:63,1
DA:64,1
DA:65,1
DA:66,1
DA:67,1
DA:68,1
DA:69,1
DA:70,1
DA:71,1
DA:72,1
DA:73,1
DA:74,1
DA:75,1
DA:76,1
DA:77,1
DA:78,1
DA:79,1
DA:80,1
DA:81,1
DA:82,1
DA:83,1
DA:84,1
DA:85,1
DA:86,1
DA:87,1
DA:88,1
DA:89,1
DA:90,1
DA:91,1
DA:92,1
DA:93,2
DA:94,2
DA:95,0
DA:96,0
DA:97,2
DA:98,2
DA:99,0
DA:100,0
DA:101,2
DA:102,2
DA:103,0
DA:104,0
DA:105,0
DA:106,0
DA:107,0
DA:108,2
DA:109,1
DA:110,1
DA:111,1
DA:112,1
DA:113,1
DA:114,1
DA:115,1
DA:116,1
DA:117,1
DA:118,1
DA:119,1
DA:120,1
DA:121,1
DA:122,1
DA:123,1
DA:124,1
DA:125,1
DA:126,1
DA:127,1
DA:128,1
DA:129,1
DA:130,1
DA:131,1
DA:132,1
DA:133,1
DA:134,1
LF:134
LH:122
BRDA:50,0,0,2
BRDA:51,1,0,1
BRDA:57,2,0,2
BRDA:62,3,0,1
BRDA:67,4,0,2
BRDA:70,5,0,1
BRDA:80,6,0,1
BRDA:90,7,0,1
BRDA:92,8,0,2
BRF:9
BRH:9
end_of_record
TN:
SF:src/services/slices/FeedDataSlice.ts
FN:43,extraReducers
FN:73,getFeedOrders
FN:74,getTotalEmountOrders
FN:75,getTotalEmountToday
FN:76,getLoading
FN:77,getError
FN:78,selectModalOrder
FNF:7
FNH:1
FNDA:2,extraReducers
FNDA:0,getFeedOrders
FNDA:0,getTotalEmountOrders
FNDA:0,getTotalEmountToday
FNDA:0,getLoading
FNDA:0,getError
FNDA:0,selectModalOrder
DA:1,1
DA:2,1
DA:3,1
DA:4,1
DA:5,1
DA:6,1
DA:7,1
DA:8,1
DA:9,1
DA:10,1
DA:11,1
DA:12,1
DA:13,1
DA:14,1
DA:15,1
DA:16,1
DA:17,1
DA:18,1
DA:19,1
DA:20,1
DA:21,1
DA:22,1
DA:23,1
DA:24,1
DA:25,1
DA:26,1
DA:27,1
DA:28,1
DA:29,1
DA:30,0
DA:31,0
DA:32,0
DA:33,0
DA:34,0
DA:35,0
DA:36,0
DA:37,1
DA:38,1
DA:39,1
DA:40,1
DA:41,1
DA:42,1
DA:43,1
DA:44,2
DA:45,2
DA:46,1
DA:47,1
DA:48,2
DA:49,2
DA:50,1
DA:51,1
DA:52,1
DA:53,1
DA:54,2
DA:55,2
DA:56,1
DA:57,1
DA:58,2
DA:59,2
DA:60,1
DA:61,1
DA:62,2
DA:63,2
DA:64,1
DA:65,1
DA:66,2
DA:67,2
DA:68,1
DA:69,1
DA:70,2
DA:71,1
DA:72,1
DA:73,1
DA:74,1
DA:75,1
DA:76,1
DA:77,1
DA:78,1
DA:79,1
DA:80,1
DA:81,1
DA:82,1
DA:83,1
DA:84,1
DA:85,1
DA:86,1
DA:87,1
DA:88,1
DA:89,1
LF:89
LH:82
BRDA:43,0,0,2
BRDA:45,1,0,1
BRDA:49,2,0,1
BRDA:55,3,0,1
BRDA:57,4,0,0
BRDA:59,5,0,1
BRDA:63,6,0,1
BRDA:67,7,0,1
BRDA:69,8,0,0
BRF:9
BRH:7
end_of_record
TN:
SF:src/services/slices/IngredientsSlice.ts
FN:29,extraReducers
FN:47,selectIngredientsList
FN:50,selectIngredientsLoading
FNF:3
FNH:1
FNDA:2,extraReducers
FNDA:0,selectIngredientsList
FNDA:0,selectIngredientsLoading
DA:1,1
DA:2,1
DA:3,1
DA:4,1
DA:5,1
DA:6,1
DA:7,1
DA:8,1
DA:9,1
DA:10,1
DA:11,1
DA:12,1
DA:13,1
DA:14,1
DA:15,1
DA:16,1
DA:17,1
DA:18,1
DA:19,1
DA:20,0
DA:21,0
DA:22,0
DA:23,1
DA:24,1
DA:25,1
DA:26,1
DA:27,1
DA:28,1
DA:29,1
DA:30,2
DA:31,2
DA:32,1
DA:33,1
DA:34,2
DA:35,2
DA:36,1
DA:37,1
DA:38,2
DA:39,2
DA:40,1
DA:41,1
DA:42,2
DA:43,2
DA:44,1
DA:45,1
DA:46,1
DA:47,1
DA:48,0
DA:49,1
DA:50,1
DA:51,0
DA:52,1
DA:53,1
DA:54,1
LF:54
LH:49
BRDA:29,0,0,2
BRDA:31,1,0,1
BRDA:35,2,0,1
BRDA:39,3,0,1
BRF:4
BRH:4
end_of_record
TN:
SF:src/services/slices/UserInfoSlice.ts
FN:84,setAuthVerified
FN:88,extraReducers
FN:173,selectUser
FN:174,selectIsAuthenticated
FN:175,selectLoginUserError
FN:176,selectIsAuthChecked
FN:177,selectloginUserRequest
FNF:7
FNH:2
FNDA:1,setAuthVerified
FNDA:2,extraReducers
FNDA:0,selectUser
FNDA:0,selectIsAuthenticated
FNDA:0,selectLoginUserError
FNDA:0,selectIsAuthChecked
FNDA:0,selectloginUserRequest
DA:1,1
DA:2,1
DA:3,1
DA:4,1
DA:5,1
DA:6,1
DA:7,1
DA:8,1
DA:9,1
DA:10,1
DA:11,1
DA:12,1
DA:13,1
DA:14,1
DA:15,1
DA:16,1
DA:17,1
DA:18,1
DA:19,1
DA:20,1
DA:21,1
DA:22,1
DA:23,1
DA:24,1
DA:25,1
DA:26,1
DA:27,1
DA:28,1
DA:29,1
DA:30,1
DA:31,1
DA:32,1
DA:33,1
DA:34,1
DA:35,1
DA:36,1
DA:37,1
DA:38,1
DA:39,1
DA:40,1
DA:41,0
DA:42,0
DA:43,0
DA:44,0
DA:45,0
DA:46,0
DA:47,0
DA:48,1
DA:49,1
DA:50,1
DA:51,1
DA:52,1
DA:53,0
DA:54,0
DA:55,0
DA:56,0
DA:57,0
DA:58,0
DA:59,0
DA:60,1
DA:61,1
DA:62,1
DA:63,1
DA:64,1
DA:65,0
DA:66,0
DA:67,0
DA:68,0
DA:69,0
DA:70,0
DA:71,0
DA:72,0
DA:73,1
DA:74,1
DA:75,1
DA:76,1
DA:77,1
DA:78,1
DA:79,1
DA:80,1
DA:81,1
DA:82,1
DA:83,1
DA:84,1
DA:85,1
DA:86,1
DA:87,1
DA:88,1
DA:89,2
DA:90,2
DA:91,0
DA:92,0
DA:93,0
DA:94,0
DA:95,2
DA:96,2
DA:97,0
DA:98,0
DA:99,0
DA:100,0
DA:101,2
DA:102,2
DA:103,0
DA:104,0
DA:105,0
DA:106,0
DA:107,0
DA:108,2
DA:109,2
DA:110,1
DA:111,1
DA:112,1
DA:113,2
DA:114,2
DA:115,1
DA:116,1
DA:117,1
DA:118,2
DA:119,2
DA:120,1
DA:121,1
DA:122,1
DA:123,1
DA:124,2
DA:125,2
DA:126,1
DA:127,1
DA:128,2
DA:129,2
DA:130,1
DA:131,1
DA:132,1
DA:133,1
DA:134,2
DA:135,2
DA:136,1
DA:137,1
DA:138,1
DA:139,1
DA:140,2
DA:141,2
DA:142,1
DA:143,1
DA:144,2
DA:145,2
DA:146,1
DA:147,1
DA:148,1
DA:149,1
DA:150,1
DA:151,2
DA:152,2
DA:153,1
DA:154,1
DA:155,1
DA:156,1
DA:157,2
DA:158,2
DA:159,1
DA:160,1
DA:161,2
DA:162,2
DA:163,1
DA:164,1
DA:165,1
DA:166,2
DA:167,2
DA:168,1
DA:169,1
DA:170,2
DA:171,1
DA:172,1
DA:173,1
DA:174,1
DA:175,1
DA:176,1
DA:177,1
DA:178,1
DA:179,1
DA:180,1
DA:181,1
DA:182,1
DA:183,1
DA:184,0
DA:185,0
DA:186,0
DA:187,0
DA:188,0
DA:189,0
DA:190,0
DA:191,0
DA:192,1
DA:193,1
DA:194,1
DA:195,1
DA:196,1
DA:197,1
DA:198,1
DA:199,1
DA:200,1
DA:201,1
DA:202,1
DA:203,1
LF:203
LH:160
BRDA:84,0,0,1
BRDA:88,1,0,2
BRDA:109,2,0,1
BRDA:114,3,0,1
BRDA:119,4,0,1
BRDA:122,5,0,0
BRDA:125,6,0,1
BRDA:129,7,0,1
BRDA:135,8,0,1
BRDA:138,9,0,0
BRDA:141,10,0,1
BRDA:145,11,0,1
BRDA:152,12,0,1
BRDA:156,13,0,0
BRDA:158,14,0,1
BRDA:162,15,0,1
BRDA:167,16,0,1
BRDA:168,17,0,0
BRF:18
BRH:14
end_of_record
TN:
SF:src/services/slices/UserOrdersHistory.ts
FN:29,extraReducers
FN:45,getUserOrdersHistory
FN:46,getUserOrdersHistoryError
FN:47,getUserOrdersLoading
FNF:4
FNH:1
FNDA:2,extraReducers
FNDA:0,getUserOrdersHistory
FNDA:0,getUserOrdersHistoryError
FNDA:0,getUserOrdersLoading
DA:1,1
DA:2,1
DA:3,1
DA:4,1
DA:5,1
DA:6,1
DA:7,1
DA:8,1
DA:9,1
DA:10,1
DA:11,1
DA:12,1
DA:13,1
DA:14,1
DA:15,1
DA:16,1
DA:17,1
DA:18,1
DA:19,1
DA:20,1
DA:21,1
DA:22,1
DA:23,1
DA:24,1
DA:25,1
DA:26,1
DA:27,1
DA:28,1
DA:29,1
DA:30,2
DA:31,2
DA:32,1
DA:33,2
DA:34,2
DA:35,1
DA:36,1
DA:37,1
DA:38,2
DA:39,2
DA:40,1
DA:41,1
DA:42,2
DA:43,1
DA:44,1
DA:45,1
DA:46,1
DA:47,1
DA:48,1
DA:49,1
DA:50,1
DA:51,1
DA:52,1
DA:53,1
DA:54,1
DA:55,1
DA:56,1
DA:57,1
LF:57
LH:57
BRDA:29,0,0,2
BRDA:31,1,0,1
BRDA:34,2,0,1
BRDA:39,3,0,1
BRDA:40,4,0,0
BRF:5
BRH:4
end_of_record
TN:
SF:src/utils/burger-api.ts
FN:8,validateResponse
FN:22,refreshAccessToken
FN:42,apiRequestWithTokenRefresh
FN:78,fetchIngredientsApi
FN:86,fetchFeedApi
FN:94,fetchUserOrdersApi
FN:111,createOrderApi
FN:130,fetchOrderByNumberApi
FN:155,signUpUserApi
FN:174,signInUserApi
FN:188,requestPasswordResetApi
FN:202,confirmPasswordResetApi
FN:221,fetchUserProfileApi
FN:233,updateUserProfileApi
FN:246,signOutUserApi
FNF:15
FNH:0
FNDA:0,validateResponse
FNDA:0,refreshAccessToken
FNDA:0,apiRequestWithTokenRefresh
FNDA:0,fetchIngredientsApi
FNDA:0,fetchFeedApi
FNDA:0,fetchUserOrdersApi
FNDA:0,createOrderApi
FNDA:0,fetchOrderByNumberApi
FNDA:0,signUpUserApi
FNDA:0,signInUserApi
FNDA:0,requestPasswordResetApi
FNDA:0,confirmPasswordResetApi
FNDA:0,fetchUserProfileApi
FNDA:0,updateUserProfileApi
FNDA:0,signOutUserApi
DA:1,1
DA:2,1
DA:3,1
DA:4,1
DA:5,1
DA:6,1
DA:7,1
DA:8,1
DA:9,0
DA:10,0
DA:11,0
DA:12,1
DA:13,1
DA:14,1
DA:15,1
DA:16,1
DA:17,1
DA:18,1
DA:19,1
DA:20,1
DA:21,1
DA:22,1
DA:23,0
DA:24,0
DA:25,0
DA:26,0
DA:27,0
DA:28,0
DA:29,0
DA:30,0
DA:31,0
DA:32,0
DA:33,0
DA:34,0
DA:35,0
DA:36,0
DA:37,0
DA:38,0
DA:39,0
DA:40,0
DA:41,1
DA:42,1
DA:43,0
DA:44,0
DA:45,0
DA:46,0
DA:47,0
DA:48,0
DA:49,0
DA:50,0
DA:51,0
DA:52,0
DA:53,0
DA:54,0
DA:55,0
DA:56,0
DA:57,0
DA:58,0
DA:59,0
DA:60,0
DA:61,0
DA:62,0
DA:63,1
DA:64,1
DA:65,1
DA:66,1
DA:67,1
DA:68,1
DA:69,1
DA:70,1
DA:71,1
DA:72,1
DA:73,1
DA:74,1
DA:75,1
DA:76,1
DA:77,1
DA:78,1
DA:79,0
DA:80,0
DA:81,0
DA:82,0
DA:83,0
DA:84,0
DA:85,1
DA:86,1
DA:87,0
DA:88,0
DA:89,0
DA:90,0
DA:91,0
DA:92,0
DA:93,1
DA:94,1
DA:95,0
DA:96,0
DA:97,0
DA:98,0
DA:99,0
DA:100,0
DA:101,0
DA:102,0
DA:103,0
DA:104,0
DA:105,1
DA:106,1
DA:107,1
DA:108,1
DA:109,1
DA:110,1
DA:111,1
DA:112,0
DA:113,0
DA:114,0
DA:115,0
DA:116,0
DA:117,0
DA:118,0
DA:119,0
DA:120,0
DA:121,0
DA:122,0
DA:123,0
DA:124,0
DA:125,1
DA:126,1
DA:127,1
DA:128,1
DA:129,1
DA:130,1
DA:131,0
DA:132,0
DA:133,0
DA:134,0
DA:135,0
DA:136,0
DA:137,0
DA:138,0
DA:139,0
DA:140,0
DA:141,0
DA:142,1
DA:143,1
DA:144,1
DA:145,1
DA:146,1
DA:147,1
DA:148,1
DA:149,1
DA:150,1
DA:151,1
DA:152,1
DA:153,1
DA:154,1
DA:155,1
DA:156,0
DA:157,0
DA:158,0
DA:159,0
DA:160,0
DA:161,0
DA:162,0
DA:163,0
DA:164,0
DA:165,0
DA:166,0
DA:167,0
DA:168,1
DA:169,1
DA:170,1
DA:171,1
DA:172,1
DA:173,1
DA:174,1
DA:175,0
DA:176,0
DA:177,0
DA:178,0
DA:179,0
DA:180,0
DA:181,0
DA:182,0
DA:183,0
DA:184,0
DA:185,0
DA:186,0
DA:187,1
DA:188,1
DA:189,0
DA:190,0
DA:191,0
DA:192,0
DA:193,0
DA:194,0
DA:195,0
DA:196,0
DA:197,0
DA:198,0
DA:199,0
DA:200,0
DA:201,1
DA:202,1
DA:203,0
DA:204,0
DA:205,0
DA:206,0
DA:207,0
DA:208,0
DA:209,0
DA:210,0
DA:211,0
DA:212,0
DA:213,0
DA:214,0
DA:215,0
DA:216,0
DA:217,0
DA:218,1
DA:219,1
DA:220,1
DA:221,1
DA:222,0
DA:223,0
DA:224,0
DA:225,0
DA:226,0
DA:227,0
DA:228,0
DA:229,0
DA:230,0
DA:231,0
DA:232,1
DA:233,1
DA:234,0
DA:235,0
DA:236,0
DA:237,0
DA:238,0
DA:239,0
DA:240,0
DA:241,0
DA:242,0
DA:243,0
DA:244,0
DA:245,1
DA:246,1
DA:247,0
DA:248,0
DA:249,0
DA:250,0
DA:251,0
DA:252,0
DA:253,0
DA:254,0
DA:255,0
DA:256,0
DA:257,0
DA:258,0
DA:259,0
DA:260,0
LF:260
LH:87
BRF:0
BRH:0
end_of_record
TN:
SF:src/utils/cookie.ts
FN:1,readCookie
FN:13,writeCookie
FN:45,removeCookie
FNF:3
FNH:2
FNDA:0,readCookie
FNDA:1,writeCookie
FNDA:1,removeCookie
DA:1,0
DA:2,0
DA:3,0
DA:4,0
DA:5,0
DA:6,0
DA:7,0
DA:8,0
DA:9,0
DA:10,0
DA:11,0
DA:12,1
DA:13,1
DA:14,1
DA:15,1
DA:16,1
DA:17,1
DA:18,1
DA:19,1
DA:20,1
DA:21,1
DA:22,1
DA:23,1
DA:24,1
DA:25,1
DA:26,1
DA:27,1
DA:28,1
DA:29,1
DA:30,1
DA:31,1
DA:32,1
DA:33,1
DA:34,1
DA:35,1
DA:36,2
DA:37,2
DA:38,2
DA:39,2
DA:40,2
DA:41,2
DA:42,1
DA:43,1
DA:44,1
DA:45,1
DA:46,1
DA:47,1
LF:47
LH:36
BRDA:13,0,0,1
BRDA:16,1,0,0
BRDA:35,2,0,2
BRDA:45,3,0,1
BRF:4
BRH:3
end_of_record
